This is pdfTeX, Version 3.14159265-2.6-1.40.16 (TeX Live 2015) (preloaded format=pdflatex 2015.7.9)  19 APR 2016 10:10
entering extended mode
 restricted \write18 enabled.
 %&-line parsing enabled.
**wxMaximaforCalculusII.tex
(./wxMaximaforCalculusII.tex
LaTeX2e <2015/01/01>
Babel <3.9l> and hyphenation patterns for 79 languages loaded.
(/home/saul/texlive2015/texmf-dist/tex/latex/base/report.cls
Document Class: report 2014/09/29 v1.4h Standard LaTeX document class
(/home/saul/texlive2015/texmf-dist/tex/latex/base/size10.clo
File: size10.clo 2014/09/29 v1.4h Standard LaTeX file (size option)
)
\c@part=\count79
\c@chapter=\count80
\c@section=\count81
\c@subsection=\count82
\c@subsubsection=\count83
\c@paragraph=\count84
\c@subparagraph=\count85
\c@figure=\count86
\c@table=\count87
\abovecaptionskip=\skip41
\belowcaptionskip=\skip42
\bibindent=\dimen102
)
(/home/saul/texlive2015/texmf-dist/tex/latex/amsmath/amsmath.sty
Package: amsmath 2013/01/14 v2.14 AMS math features
\@mathmargin=\skip43

For additional information on amsmath, use the `?' option.
(/home/saul/texlive2015/texmf-dist/tex/latex/amsmath/amstext.sty
Package: amstext 2000/06/29 v2.01

(/home/saul/texlive2015/texmf-dist/tex/latex/amsmath/amsgen.sty
File: amsgen.sty 1999/11/30 v2.0
\@emptytoks=\toks14
\ex@=\dimen103
))
(/home/saul/texlive2015/texmf-dist/tex/latex/amsmath/amsbsy.sty
Package: amsbsy 1999/11/29 v1.2d
\pmbraise@=\dimen104
)
(/home/saul/texlive2015/texmf-dist/tex/latex/amsmath/amsopn.sty
Package: amsopn 1999/12/14 v2.01 operator names
)
\inf@bad=\count88
LaTeX Info: Redefining \frac on input line 210.
\uproot@=\count89
\leftroot@=\count90
LaTeX Info: Redefining \overline on input line 306.
\classnum@=\count91
\DOTSCASE@=\count92
LaTeX Info: Redefining \ldots on input line 378.
LaTeX Info: Redefining \dots on input line 381.
LaTeX Info: Redefining \cdots on input line 466.
\Mathstrutbox@=\box26
\strutbox@=\box27
\big@size=\dimen105
LaTeX Font Info:    Redeclaring font encoding OML on input line 566.
LaTeX Font Info:    Redeclaring font encoding OMS on input line 567.
\macc@depth=\count93
\c@MaxMatrixCols=\count94
\dotsspace@=\muskip10
\c@parentequation=\count95
\dspbrk@lvl=\count96
\tag@help=\toks15
\row@=\count97
\column@=\count98
\maxfields@=\count99
\andhelp@=\toks16
\eqnshift@=\dimen106
\alignsep@=\dimen107
\tagshift@=\dimen108
\tagwidth@=\dimen109
\totwidth@=\dimen110
\lineht@=\dimen111
\@envbody=\toks17
\multlinegap=\skip44
\multlinetaggap=\skip45
\mathdisplay@stack=\toks18
LaTeX Info: Redefining \[ on input line 2665.
LaTeX Info: Redefining \] on input line 2666.
)
(/home/saul/texlive2015/texmf-dist/tex/latex/amsfonts/amssymb.sty
Package: amssymb 2013/01/14 v3.01 AMS font symbols

(/home/saul/texlive2015/texmf-dist/tex/latex/amsfonts/amsfonts.sty
Package: amsfonts 2013/01/14 v3.01 Basic AMSFonts support
\symAMSa=\mathgroup4
\symAMSb=\mathgroup5
LaTeX Font Info:    Overwriting math alphabet `\mathfrak' in version `bold'
(Font)                  U/euf/m/n --> U/euf/b/n on input line 106.
))
(/home/saul/texlive2015/texmf-dist/tex/latex/amscls/amsthm.sty
Package: amsthm 2015/03/04 v2.20.2
\thm@style=\toks19
\thm@bodyfont=\toks20
\thm@headfont=\toks21
\thm@notefont=\toks22
\thm@headpunct=\toks23
\thm@preskip=\skip46
\thm@postskip=\skip47
\thm@headsep=\skip48
\dth@everypar=\toks24
)
(/home/saul/texlive2015/texmf-dist/tex/latex/graphics/graphicx.sty
Package: graphicx 2014/10/28 v1.0g Enhanced LaTeX Graphics (DPC,SPQR)

(/home/saul/texlive2015/texmf-dist/tex/latex/graphics/keyval.sty
Package: keyval 2014/10/28 v1.15 key=value parser (DPC)
\KV@toks@=\toks25
)
(/home/saul/texlive2015/texmf-dist/tex/latex/graphics/graphics.sty
Package: graphics 2014/10/28 v1.0p Standard LaTeX Graphics (DPC,SPQR)

(/home/saul/texlive2015/texmf-dist/tex/latex/graphics/trig.sty
Package: trig 1999/03/16 v1.09 sin cos tan (DPC)
)
(/home/saul/texlive2015/texmf-dist/tex/latex/latexconfig/graphics.cfg
File: graphics.cfg 2010/04/23 v1.9 graphics configuration of TeX Live
)
Package graphics Info: Driver file: pdftex.def on input line 94.

(/home/saul/texlive2015/texmf-dist/tex/latex/pdftex-def/pdftex.def
File: pdftex.def 2011/05/27 v0.06d Graphics/color for pdfTeX

(/home/saul/texlive2015/texmf-dist/tex/generic/oberdiek/infwarerr.sty
Package: infwarerr 2010/04/08 v1.3 Providing info/warning/error messages (HO)
)
(/home/saul/texlive2015/texmf-dist/tex/generic/oberdiek/ltxcmds.sty
Package: ltxcmds 2011/11/09 v1.22 LaTeX kernel commands for general use (HO)
)
\Gread@gobject=\count100
))
\Gin@req@height=\dimen112
\Gin@req@width=\dimen113
)
(/home/saul/texlive2015/texmf-dist/tex/latex/geometry/geometry.sty
Package: geometry 2010/09/12 v5.6 Page Geometry

(/home/saul/texlive2015/texmf-dist/tex/generic/oberdiek/ifpdf.sty
Package: ifpdf 2011/01/30 v2.3 Provides the ifpdf switch (HO)
Package ifpdf Info: pdfTeX in PDF mode is detected.
)
(/home/saul/texlive2015/texmf-dist/tex/generic/oberdiek/ifvtex.sty
Package: ifvtex 2010/03/01 v1.5 Detect VTeX and its facilities (HO)
Package ifvtex Info: VTeX not detected.
)
(/home/saul/texlive2015/texmf-dist/tex/generic/ifxetex/ifxetex.sty
Package: ifxetex 2010/09/12 v0.6 Provides ifxetex conditional
)
\Gm@cnth=\count101
\Gm@cntv=\count102
\c@Gm@tempcnt=\count103
\Gm@bindingoffset=\dimen114
\Gm@wd@mp=\dimen115
\Gm@odd@mp=\dimen116
\Gm@even@mp=\dimen117
\Gm@layoutwidth=\dimen118
\Gm@layoutheight=\dimen119
\Gm@layouthoffset=\dimen120
\Gm@layoutvoffset=\dimen121
\Gm@dimlist=\toks26
)
(/home/saul/texlive2015/texmf-dist/tex/latex/minitoc/minitoc.sty
Package: minitoc 2008/07/16 v60 Package minitoc (JPFD)

(/home/saul/texlive2015/texmf-dist/tex/latex/minitoc/mtcmess.sty
Package: mtcmess 2006/03/14
)
Package minitoc Info: I0001
(minitoc)             *** minitoc package, version 60 ***.
\tf@mtc=\write3
\mtcindent=\skip49
\mtcskipamount=\skip50
Package minitoc Info: I0005
(minitoc)             compatible with hyperref.
Package minitoc Info: I0023
(minitoc)             part level macros available.
Package minitoc Info: I0003
(minitoc)             chapter level macros available.
\mtc@toks=\toks27
\mtc@strutbox=\box28
\mtc@hstrutbox=\box29
Package minitoc Info: I0002
(minitoc)             Autoconfiguration of extensions.
\openout3 = `wxMaximaforCalculusII.mtc0'.

\openout3 = `wxMaximaforCalculusII.mtc'.


(./wxMaximaforCalculusII.mtc0)
Package minitoc Info: I0012
(minitoc)             Long extensions (Unix-like) will be used.
Package minitoc Info: I0031
(minitoc)             ==> this version is configured for UNIX-like 
(minitoc)                 (long extensions) file names.
\openout3 = `wxMaximaforCalculusII.mtc'.

\openout3 = `wxMaximaforCalculusII.mtc0'.

\c@mtc=\count104
\c@minitocdepth=\count105
\c@ptc=\count106
\c@parttocdepth=\count107
\ptcindent=\skip51
Package minitoc Info: I0010
(minitoc)             The english language is selected.
(minitoc)              on input line 4910.

(/home/saul/texlive2015/texmf-dist/tex/latex/minitoc/english.mld
File: english.mld 2006/01/13
)
(/home/saul/texlive2015/texmf-dist/tex/latex/minitoc/english.mld
File: english.mld 2006/01/13
))
(/home/saul/texlive2015/texmf-dist/tex/generic/babel/babel.sty
Package: babel 2014/09/25 3.9l The Babel package

(/home/saul/texlive2015/texmf-dist/tex/generic/babel-english/english.ldf
Language: english 2012/08/20 v3.3p English support from the babel system

(/home/saul/texlive2015/texmf-dist/tex/generic/babel/babel.def
File: babel.def 2014/09/25 3.9l Babel common definitions
\babel@savecnt=\count108
\U@D=\dimen122
)
\l@canadian = a dialect from \language\l@american 
\l@australian = a dialect from \language\l@british 
\l@newzealand = a dialect from \language\l@british 
))
(/home/saul/texlive2015/texmf-dist/tex/latex/fancyhdr/fancyhdr.sty
\fancy@headwidth=\skip52
\f@ncyO@elh=\skip53
\f@ncyO@erh=\skip54
\f@ncyO@olh=\skip55
\f@ncyO@orh=\skip56
\f@ncyO@elf=\skip57
\f@ncyO@erf=\skip58
\f@ncyO@olf=\skip59
\f@ncyO@orf=\skip60
)
\c@exmp=\count109

(/home/saul/texlive2015/texmf-dist/tex/latex/hyperref/hyperref.sty
Package: hyperref 2012/11/06 v6.83m Hypertext links for LaTeX

(/home/saul/texlive2015/texmf-dist/tex/generic/oberdiek/hobsub-hyperref.sty
Package: hobsub-hyperref 2012/05/28 v1.13 Bundle oberdiek, subset hyperref (HO)


(/home/saul/texlive2015/texmf-dist/tex/generic/oberdiek/hobsub-generic.sty
Package: hobsub-generic 2012/05/28 v1.13 Bundle oberdiek, subset generic (HO)
Package: hobsub 2012/05/28 v1.13 Construct package bundles (HO)
Package hobsub Info: Skipping package `infwarerr' (already loaded).
Package hobsub Info: Skipping package `ltxcmds' (already loaded).
Package: ifluatex 2010/03/01 v1.3 Provides the ifluatex switch (HO)
Package ifluatex Info: LuaTeX not detected.
Package hobsub Info: Skipping package `ifvtex' (already loaded).
Package: intcalc 2007/09/27 v1.1 Expandable calculations with integers (HO)
Package hobsub Info: Skipping package `ifpdf' (already loaded).
Package: etexcmds 2011/02/16 v1.5 Avoid name clashes with e-TeX commands (HO)
Package etexcmds Info: Could not find \expanded.
(etexcmds)             That can mean that you are not using pdfTeX 1.50 or
(etexcmds)             that some package has redefined \expanded.
(etexcmds)             In the latter case, load this package earlier.
Package: kvsetkeys 2012/04/25 v1.16 Key value parser (HO)
Package: kvdefinekeys 2011/04/07 v1.3 Define keys (HO)
Package: pdftexcmds 2011/11/29 v0.20 Utility functions of pdfTeX for LuaTeX (HO
)
Package pdftexcmds Info: LuaTeX not detected.
Package pdftexcmds Info: \pdf@primitive is available.
Package pdftexcmds Info: \pdf@ifprimitive is available.
Package pdftexcmds Info: \pdfdraftmode found.
Package: pdfescape 2011/11/25 v1.13 Implements pdfTeX's escape features (HO)
Package: bigintcalc 2012/04/08 v1.3 Expandable calculations on big integers (HO
)
Package: bitset 2011/01/30 v1.1 Handle bit-vector datatype (HO)
Package: uniquecounter 2011/01/30 v1.2 Provide unlimited unique counter (HO)
)
Package hobsub Info: Skipping package `hobsub' (already loaded).
Package: letltxmacro 2010/09/02 v1.4 Let assignment for LaTeX macros (HO)
Package: hopatch 2012/05/28 v1.2 Wrapper for package hooks (HO)
Package: xcolor-patch 2011/01/30 xcolor patch
Package: atveryend 2011/06/30 v1.8 Hooks at the very end of document (HO)
Package atveryend Info: \enddocument detected (standard20110627).
Package: atbegshi 2011/10/05 v1.16 At begin shipout hook (HO)
Package: refcount 2011/10/16 v3.4 Data extraction from label references (HO)
Package: hycolor 2011/01/30 v1.7 Color options for hyperref/bookmark (HO)
)
(/home/saul/texlive2015/texmf-dist/tex/latex/oberdiek/auxhook.sty
Package: auxhook 2011/03/04 v1.3 Hooks for auxiliary files (HO)
)
(/home/saul/texlive2015/texmf-dist/tex/latex/oberdiek/kvoptions.sty
Package: kvoptions 2011/06/30 v3.11 Key value format for package options (HO)
)
\@linkdim=\dimen123
\Hy@linkcounter=\count110
\Hy@pagecounter=\count111

(/home/saul/texlive2015/texmf-dist/tex/latex/hyperref/pd1enc.def
File: pd1enc.def 2012/11/06 v6.83m Hyperref: PDFDocEncoding definition (HO)
)
\Hy@SavedSpaceFactor=\count112

(/home/saul/texlive2015/texmf-dist/tex/latex/latexconfig/hyperref.cfg
File: hyperref.cfg 2002/06/06 v1.2 hyperref configuration of TeXLive
)
Package hyperref Info: Hyper figures OFF on input line 4443.
Package hyperref Info: Link nesting OFF on input line 4448.
Package hyperref Info: Hyper index ON on input line 4451.
Package hyperref Info: Plain pages OFF on input line 4458.
Package hyperref Info: Backreferencing OFF on input line 4463.
Package hyperref Info: Implicit mode ON; LaTeX internals redefined.
Package hyperref Info: Bookmarks ON on input line 4688.
\c@Hy@tempcnt=\count113

(/home/saul/texlive2015/texmf-dist/tex/latex/url/url.sty
\Urlmuskip=\muskip11
Package: url 2013/09/16  ver 3.4  Verb mode for urls, etc.
)
LaTeX Info: Redefining \url on input line 5041.
\XeTeXLinkMargin=\dimen124
\Fld@menulength=\count114
\Field@Width=\dimen125
\Fld@charsize=\dimen126
Package hyperref Info: Hyper figures OFF on input line 6295.
Package hyperref Info: Link nesting OFF on input line 6300.
Package hyperref Info: Hyper index ON on input line 6303.
Package hyperref Info: backreferencing OFF on input line 6310.
Package hyperref Info: Link coloring OFF on input line 6315.
Package hyperref Info: Link coloring with OCG OFF on input line 6320.
Package hyperref Info: PDF/A mode OFF on input line 6325.
LaTeX Info: Redefining \ref on input line 6365.
LaTeX Info: Redefining \pageref on input line 6369.
\Hy@abspage=\count115
\c@Item=\count116
\c@Hfootnote=\count117
)

Package hyperref Message: Driver (autodetected): hpdftex.

(/home/saul/texlive2015/texmf-dist/tex/latex/hyperref/hpdftex.def
File: hpdftex.def 2012/11/06 v6.83m Hyperref driver for pdfTeX
\Fld@listcount=\count118
\c@bookmark@seq@number=\count119

(/home/saul/texlive2015/texmf-dist/tex/latex/oberdiek/rerunfilecheck.sty
Package: rerunfilecheck 2011/04/15 v1.7 Rerun checks for auxiliary files (HO)
Package uniquecounter Info: New unique counter `rerunfilecheck' on input line 2
82.
)
\Hy@SectionHShift=\skip61
)
Package hyperref Info: Option `colorlinks' set `true' on input line 23.
Package hyperref Info: Option `linktocpage' set `true' on input line 23.


LaTeX Warning: Unused global option(s):
    [10.5pt].

(./wxMaximaforCalculusII.aux)
\openout1 = `wxMaximaforCalculusII.aux'.

LaTeX Font Info:    Checking defaults for OML/cmm/m/it on input line 29.
LaTeX Font Info:    ... okay on input line 29.
LaTeX Font Info:    Checking defaults for T1/cmr/m/n on input line 29.
LaTeX Font Info:    ... okay on input line 29.
LaTeX Font Info:    Checking defaults for OT1/cmr/m/n on input line 29.
LaTeX Font Info:    ... okay on input line 29.
LaTeX Font Info:    Checking defaults for OMS/cmsy/m/n on input line 29.
LaTeX Font Info:    ... okay on input line 29.
LaTeX Font Info:    Checking defaults for OMX/cmex/m/n on input line 29.
LaTeX Font Info:    ... okay on input line 29.
LaTeX Font Info:    Checking defaults for U/cmr/m/n on input line 29.
LaTeX Font Info:    ... okay on input line 29.
LaTeX Font Info:    Checking defaults for PD1/pdf/m/n on input line 29.
LaTeX Font Info:    ... okay on input line 29.

(/home/saul/texlive2015/texmf-dist/tex/context/base/supp-pdf.mkii
[Loading MPS to PDF converter (version 2006.09.02).]
\scratchcounter=\count120
\scratchdimen=\dimen127
\scratchbox=\box30
\nofMPsegments=\count121
\nofMParguments=\count122
\everyMPshowfont=\toks28
\MPscratchCnt=\count123
\MPscratchDim=\dimen128
\MPnumerator=\count124
\makeMPintoPDFobject=\count125
\everyMPtoPDFconversion=\toks29
) (/home/saul/texlive2015/texmf-dist/tex/latex/oberdiek/epstopdf-base.sty
Package: epstopdf-base 2010/02/09 v2.5 Base part for package epstopdf

(/home/saul/texlive2015/texmf-dist/tex/latex/oberdiek/grfext.sty
Package: grfext 2010/08/19 v1.1 Manage graphics extensions (HO)
)
Package grfext Info: Graphics extension search list:
(grfext)             [.png,.pdf,.jpg,.mps,.jpeg,.jbig2,.jb2,.PNG,.PDF,.JPG,.JPE
G,.JBIG2,.JB2,.eps]
(grfext)             \AppendGraphicsExtensions on input line 452.

(/home/saul/texlive2015/texmf-dist/tex/latex/latexconfig/epstopdf-sys.cfg
File: epstopdf-sys.cfg 2010/07/13 v1.3 Configuration of (r)epstopdf for TeX Liv
e
))
*geometry* driver: auto-detecting
*geometry* detected driver: pdftex
*geometry* verbose mode - [ preamble ] result:
* driver: pdftex
* paper: custom
* layout: <same size as paper>
* layoutoffset:(h,v)=(0.0pt,0.0pt)
* bindingoffset: 25.32292pt
* modes: twoside 
* h-part:(L,W,R)=(54.06006pt, 393.50212pt, 65.15662pt)
* v-part:(T,H,B)=(54.06006pt, 591.50482pt, 54.06006pt)
* \paperwidth=538.04172pt
* \paperheight=699.62494pt
* \textwidth=393.50212pt
* \textheight=591.50482pt
* \oddsidemargin=7.11299pt
* \evensidemargin=-7.11337pt
* \topmargin=-55.20993pt
* \headheight=12.0pt
* \headsep=25.0pt
* \topskip=10.0pt
* \footskip=30.0pt
* \marginparwidth=121.0pt
* \marginparsep=11.0pt
* \columnsep=10.0pt
* \skip\footins=9.0pt plus 4.0pt minus 2.0pt
* \hoffset=0.0pt
* \voffset=0.0pt
* \mag=1000
* \@twocolumnfalse
* \@twosidetrue
* \@mparswitchtrue
* \@reversemarginfalse
* (1in=72.27pt=25.4mm, 1cm=28.453pt)

Package minitoc(hints) Info: I0049
(minitoc(hints))             ==> You requested the hints option. 
(minitoc(hints))             Some hints are eventually given below.

Package minitoc(hints) Warning: W0030
(minitoc(hints))                --- The \part command is altered 
(minitoc(hints))                after minitoc.


Package minitoc(hints) Warning: W0023
(minitoc(hints))                --- It may be the consequence 
(minitoc(hints))                of loading the ``hyperref'' package.


Package minitoc(hints) Warning: W0028
(minitoc(hints))                --- The \chapter command is altered 
(minitoc(hints))                after minitoc.


Package minitoc(hints) Warning: W0023
(minitoc(hints))                --- It may be the consequence 
(minitoc(hints))                of loading the ``hyperref'' package.

\AtBeginShipoutBox=\box31
(/home/saul/texlive2015/texmf-dist/tex/latex/graphics/color.sty
Package: color 2014/10/28 v1.1a Standard LaTeX Color (DPC)

(/home/saul/texlive2015/texmf-dist/tex/latex/latexconfig/color.cfg
File: color.cfg 2007/01/18 v1.5 color configuration of teTeX/TeXLive
)
Package color Info: Driver file: pdftex.def on input line 142.
)
Package hyperref Info: Link coloring ON on input line 29.

(/home/saul/texlive2015/texmf-dist/tex/latex/hyperref/nameref.sty
Package: nameref 2012/10/27 v2.43 Cross-referencing by name of section

(/home/saul/texlive2015/texmf-dist/tex/generic/oberdiek/gettitlestring.sty
Package: gettitlestring 2010/12/03 v1.4 Cleanup title references (HO)
)
\c@section@level=\count126
)
LaTeX Info: Redefining \ref on input line 29.
LaTeX Info: Redefining \pageref on input line 29.
LaTeX Info: Redefining \nameref on input line 29.

(./wxMaximaforCalculusII.out) (./wxMaximaforCalculusII.out)
\@outlinefile=\write4
\openout4 = `wxMaximaforCalculusII.out'.

LaTeX Font Info:    Try loading font information for U+msa on input line 41.

(/home/saul/texlive2015/texmf-dist/tex/latex/amsfonts/umsa.fd
File: umsa.fd 2013/01/14 v3.01 AMS symbols A
)
LaTeX Font Info:    Try loading font information for U+msb on input line 41.

(/home/saul/texlive2015/texmf-dist/tex/latex/amsfonts/umsb.fd
File: umsb.fd 2013/01/14 v3.01 AMS symbols B
) [1

{/home/saul/texlive2015/texmf-var/fonts/map/pdftex/updmap/pdftex.map}]
Underfull \hbox (badness 10000) in paragraph at lines 46--48

 []

[1]
Package minitoc Info: I0024
(minitoc)             PREPARING MINITOCS FROM wxMaximaforCalculusII.toc on inpu
t line 60.
Package minitoc Info: I0033
(minitoc)             Writing wxMaximaforCalculusII.mtc1.
\openout3 = `wxMaximaforCalculusII.mtc1'.

Package minitoc Info: I0033
(minitoc)             Writing wxMaximaforCalculusII.mtc2.
\openout3 = `wxMaximaforCalculusII.mtc2'.

Package minitoc Info: I0033
(minitoc)             Writing wxMaximaforCalculusII.mtc3.
\openout3 = `wxMaximaforCalculusII.mtc3'.

Package minitoc Info: I0033
(minitoc)             Writing wxMaximaforCalculusII.mtc4.
\openout3 = `wxMaximaforCalculusII.mtc4'.

Package minitoc Info: I0033
(minitoc)             Writing wxMaximaforCalculusII.mtc5.
\openout3 = `wxMaximaforCalculusII.mtc5'.

Package minitoc Info: I0033
(minitoc)             Writing wxMaximaforCalculusII.mtc6.
\openout3 = `wxMaximaforCalculusII.mtc6'.

Package minitoc Info: I0033
(minitoc)             Writing wxMaximaforCalculusII.mtc7.
\openout3 = `wxMaximaforCalculusII.mtc7'.

Package minitoc Info: I0033
(minitoc)             Writing wxMaximaforCalculusII.mtc8.
\openout3 = `wxMaximaforCalculusII.mtc8'.

 (./wxMaximaforCalculusII.toc [3

] [4])
\tf@toc=\write5
\openout5 = `wxMaximaforCalculusII.toc'.

 [5]
Underfull \hbox (badness 10000) in paragraph at lines 77--81

 []

[6

]
Underfull \hbox (badness 10000) in paragraph at lines 102--103

 []


Underfull \hbox (badness 10000) in paragraph at lines 110--112

 []


Underfull \hbox (badness 10000) in paragraph at lines 113--115

 []


Underfull \hbox (badness 10000) in paragraph at lines 116--117

 []


Underfull \hbox (badness 10000) in paragraph at lines 124--125

 []


Underfull \hbox (badness 10000) in paragraph at lines 126--127

 []

[7]
Underfull \hbox (badness 10000) in paragraph at lines 133--134

 []


Underfull \hbox (badness 10000) in paragraph at lines 135--138

 []


Underfull \hbox (badness 10000) in paragraph at lines 139--140

 []


Underfull \hbox (badness 10000) in paragraph at lines 144--145

 []


Underfull \hbox (badness 10000) in paragraph at lines 146--147

 []


Underfull \hbox (badness 10000) in paragraph at lines 148--151

 []


Underfull \hbox (badness 10000) in paragraph at lines 152--154

 []


Underfull \hbox (badness 10000) in paragraph at lines 155--156

 []

[8]
Module 0.
\openout3 = `wxMaximaforCalculusII.mtc'.

\openout3 = `wxMaximaforCalculusII.mtc'.

(./wxMaximaforCalculusII.mtc2)pdfTeX warning (ext4): destination with the same 
identifier (name{page.1}) has been already used, duplicate ignored
<to be read again> 
                   \relax 
l.200 
       [1

] [2] [3] [4] [5] [6]
<images/example_0_3_1_1.png, id=535, 501.875pt x 301.125pt>
File: images/example_0_3_1_1.png Graphic file (type png)

<use images/example_0_3_1_1.png>
Package pdftex.def Info: images/example_0_3_1_1.png used on input line 551.
(pdftex.def)             Requested size: 216.81pt x 130.08772pt.
 [7 <./images/example_0_3_1_1.png (PNG copy)>]
<images/example_0_3_2_1.png, id=542, 501.875pt x 301.125pt>
File: images/example_0_3_2_1.png Graphic file (type png)

<use images/example_0_3_2_1.png>
Package pdftex.def Info: images/example_0_3_2_1.png used on input line 575.
(pdftex.def)             Requested size: 216.81pt x 130.08772pt.

<images/example_0_3_3_1.png, id=543, 602.25pt x 602.25pt>
File: images/example_0_3_3_1.png Graphic file (type png)

<use images/example_0_3_3_1.png>
Package pdftex.def Info: images/example_0_3_3_1.png used on input line 605.
(pdftex.def)             Requested size: 216.81pt x 216.80983pt.
 [8 <./images/example_0_3_2_1.png (PNG copy)>]
<images/example_0_3_4_1.png, id=549, 501.875pt x 301.125pt>
File: images/example_0_3_4_1.png Graphic file (type png)

<use images/example_0_3_4_1.png>
Package pdftex.def Info: images/example_0_3_4_1.png used on input line 625.
(pdftex.def)             Requested size: 216.81pt x 130.08772pt.
 [9 <./images/example_0_3_3_1.png (PNG copy)> <./images/example_0_3_4_1.png (PN
G copy)>] [10]
<images/example_0_4_2_1.png, id=561, 501.875pt x 301.125pt>
File: images/example_0_4_2_1.png Graphic file (type png)

<use images/example_0_4_2_1.png>
Package pdftex.def Info: images/example_0_4_2_1.png used on input line 701.
(pdftex.def)             Requested size: 216.81pt x 130.08772pt.

<images/example_0_4_3_1.png, id=562, 501.875pt x 301.125pt>
File: images/example_0_4_3_1.png Graphic file (type png)

<use images/example_0_4_3_1.png>
Package pdftex.def Info: images/example_0_4_3_1.png used on input line 737.
(pdftex.def)             Requested size: 216.81pt x 130.08772pt.
 [11 <./images/example_0_4_2_1.png (PNG copy)>] [12 <./images/example_0_4_3_1.p
ng (PNG copy)>]
<images/example_0_5_2_1.png, id=574, 501.875pt x 301.125pt>
File: images/example_0_5_2_1.png Graphic file (type png)

<use images/example_0_5_2_1.png>
Package pdftex.def Info: images/example_0_5_2_1.png used on input line 801.
(pdftex.def)             Requested size: 216.81pt x 130.08772pt.
 [13] [14 <./images/example_0_5_2_1.png (PNG copy)>] [15] [16] <images/example_
0_6_1_1.png, id=597, 501.875pt x 301.125pt>
File: images/example_0_6_1_1.png Graphic file (type png)

<use images/example_0_6_1_1.png>
Package pdftex.def Info: images/example_0_6_1_1.png used on input line 977.
(pdftex.def)             Requested size: 216.81pt x 130.08772pt.
 [17] [18 <./images/example_0_6_1_1.png (PNG copy)>] [19]
Module 1.
\openout3 = `wxMaximaforCalculusII.mtc'.

\openout3 = `wxMaximaforCalculusII.mtc'.

(./wxMaximaforCalculusII.mtc3)
Overfull \hbox (7.74498pt too wide) in paragraph at lines 1042--1049
[][]  
 []

[20

] <images/example_1_1_1_1.png, id=641, 501.875pt x 301.125pt>
File: images/example_1_1_1_1.png Graphic file (type png)

<use images/example_1_1_1_1.png>
Package pdftex.def Info: images/example_1_1_1_1.png used on input line 1097.
(pdftex.def)             Requested size: 216.81pt x 130.08772pt.
 [21] [22 <./images/example_1_1_1_1.png (PNG copy)>] <images/example_1_1_2_1.pn
g, id=652, 501.875pt x 301.125pt>
File: images/example_1_1_2_1.png Graphic file (type png)

<use images/example_1_1_2_1.png>
Package pdftex.def Info: images/example_1_1_2_1.png used on input line 1161.
(pdftex.def)             Requested size: 195.12877pt x 117.07988pt.

<images/example_1_1_2_2.png, id=653, 501.875pt x 301.125pt>
File: images/example_1_1_2_2.png Graphic file (type png)

<use images/example_1_1_2_2.png>
Package pdftex.def Info: images/example_1_1_2_2.png used on input line 1162.
(pdftex.def)             Requested size: 195.12877pt x 117.07988pt.
 [23 <./images/example_1_1_2_1.png (PNG copy)> <./images/example_1_1_2_2.png (P
NG copy)>] [24] [25] [26] [27] [28] [29]
[30] [31] [32] [33] [34] [35] [36]
<images/example_1_4_1_1.png, id=738, 501.875pt x 301.125pt>
File: images/example_1_4_1_1.png Graphic file (type png)

<use images/example_1_4_1_1.png>
Package pdftex.def Info: images/example_1_4_1_1.png used on input line 1851.
(pdftex.def)             Requested size: 216.81pt x 130.08772pt.
 [37 <./images/example_1_4_1_1.png (PNG copy)>] <images/example_1_4_2_1.png, id
=744, 501.875pt x 301.125pt>
File: images/example_1_4_2_1.png Graphic file (type png)

<use images/example_1_4_2_1.png>
Package pdftex.def Info: images/example_1_4_2_1.png used on input line 1905.
(pdftex.def)             Requested size: 216.81pt x 130.08772pt.
 [38 <./images/example_1_4_2_1.png (PNG copy)>] <images/example_1_4_3_1.png, id
=750, 501.875pt x 301.125pt>
File: images/example_1_4_3_1.png Graphic file (type png)

<use images/example_1_4_3_1.png>
Package pdftex.def Info: images/example_1_4_3_1.png used on input line 1986.
(pdftex.def)             Requested size: 216.81pt x 130.08772pt.
 [39 <./images/example_1_4_3_1.png (PNG copy)>] [40] [41]
Module 2.
\openout3 = `wxMaximaforCalculusII.mtc'.

\openout3 = `wxMaximaforCalculusII.mtc'.

(./wxMaximaforCalculusII.mtc4) [42

] [43]
<images/example_2_1_1_1.png, id=801, 501.875pt x 301.125pt>
File: images/example_2_1_1_1.png Graphic file (type png)

<use images/example_2_1_1_1.png>
Package pdftex.def Info: images/example_2_1_1_1.png used on input line 2127.
(pdftex.def)             Requested size: 216.81pt x 130.08772pt.
 [44 <./images/example_2_1_1_1.png (PNG copy)>] [45] <images/example_2_2_1_1.pn
g, id=811, 501.875pt x 301.125pt>
File: images/example_2_2_1_1.png Graphic file (type png)

<use images/example_2_2_1_1.png>
Package pdftex.def Info: images/example_2_2_1_1.png used on input line 2229.
(pdftex.def)             Requested size: 216.81pt x 130.08772pt.
 [46] [47 <./images/example_2_2_1_1.png (PNG copy)>] <images/example_2_2_2_1.pn
g, id=823, 501.875pt x 301.125pt>
File: images/example_2_2_2_1.png Graphic file (type png)

<use images/example_2_2_2_1.png>
Package pdftex.def Info: images/example_2_2_2_1.png used on input line 2296.
(pdftex.def)             Requested size: 216.81pt x 130.08772pt.
 [48 <./images/example_2_2_2_1.png (PNG copy)>] <images/example_2_2_3_1.png, id
=829, 501.875pt x 301.125pt>
File: images/example_2_2_3_1.png Graphic file (type png)

<use images/example_2_2_3_1.png>
Package pdftex.def Info: images/example_2_2_3_1.png used on input line 2356.
(pdftex.def)             Requested size: 216.81pt x 130.08772pt.
 [49 <./images/example_2_2_3_1.png (PNG copy)>] [50] <images/example_2_3_1_1.pn
g, id=839, 501.875pt x 301.125pt>
File: images/example_2_3_1_1.png Graphic file (type png)

<use images/example_2_3_1_1.png>
Package pdftex.def Info: images/example_2_3_1_1.png used on input line 2416.
(pdftex.def)             Requested size: 216.81pt x 130.08772pt.
 [51 <./images/example_2_3_1_1.png (PNG copy)>] <images/example_2_3_2_1.png, id
=845, 501.875pt x 301.125pt>
File: images/example_2_3_2_1.png Graphic file (type png)

<use images/example_2_3_2_1.png>
Package pdftex.def Info: images/example_2_3_2_1.png used on input line 2500.
(pdftex.def)             Requested size: 216.81pt x 130.08772pt.
 [52] [53 <./images/example_2_3_2_1.png (PNG copy)>]
Overfull \hbox (0.24445pt too wide) in paragraph at lines 2556--2556
[]\OT1/cmtt/m/n/10 (%i8) intPARABOLAS:makelist(rhs(sublis((SOLUTIONS[l+1])[1],G
ENEQN)),l,0,3)$[] 
 []

[54] <images/example_2_3_3_1.png, id=861, 501.875pt x 301.125pt>
File: images/example_2_3_3_1.png Graphic file (type png)

<use images/example_2_3_3_1.png>
Package pdftex.def Info: images/example_2_3_3_1.png used on input line 2595.
(pdftex.def)             Requested size: 216.81pt x 130.08772pt.
 [55 <./images/example_2_3_3_1.png (PNG copy)>] [56] [57] [58] [59] <images/exa
mple_2_e_x_1.png, id=896, 602.25pt x 602.25pt>
File: images/example_2_e_x_1.png Graphic file (type png)

<use images/example_2_e_x_1.png>
Package pdftex.def Info: images/example_2_e_x_1.png used on input line 2746.
(pdftex.def)             Requested size: 180.67499pt x 180.67639pt.
 [60 <./images/example_2_e_x_1.png (PNG copy)>]
Module 3.
\openout3 = `wxMaximaforCalculusII.mtc'.

\openout3 = `wxMaximaforCalculusII.mtc'.

(./wxMaximaforCalculusII.mtc5) [61

]
<images/figure_3_1_1_1.png, id=918, 501.875pt x 301.125pt>
File: images/figure_3_1_1_1.png Graphic file (type png)

<use images/figure_3_1_1_1.png>
Package pdftex.def Info: images/figure_3_1_1_1.png used on input line 2795.
(pdftex.def)             Requested size: 216.81pt x 130.08772pt.

<images/example_3_1_1_1.png, id=919, 501.875pt x 301.125pt>
File: images/example_3_1_1_1.png Graphic file (type png)

<use images/example_3_1_1_1.png>
Package pdftex.def Info: images/example_3_1_1_1.png used on input line 2823.
(pdftex.def)             Requested size: 216.81pt x 130.08772pt.
 [62 <./images/figure_3_1_1_1.png (PNG copy)>]
<images/example_3_1_1_2.png, id=925, 501.875pt x 301.125pt>
File: images/example_3_1_1_2.png Graphic file (type png)

<use images/example_3_1_1_2.png>
Package pdftex.def Info: images/example_3_1_1_2.png used on input line 2860.
(pdftex.def)             Requested size: 216.81pt x 130.08772pt.
 [63 <./images/example_3_1_1_1.png (PNG copy)>] <images/example_3_1_2_1.png, id
=930, 501.875pt x 301.125pt>
File: images/example_3_1_2_1.png Graphic file (type png)

<use images/example_3_1_2_1.png>
Package pdftex.def Info: images/example_3_1_2_1.png used on input line 2898.
(pdftex.def)             Requested size: 216.81pt x 130.08772pt.
 [64 <./images/example_3_1_1_2.png (PNG copy)>] <images/example_3_1_2_2.png, id
=936, 501.875pt x 301.125pt>
File: images/example_3_1_2_2.png Graphic file (type png)

<use images/example_3_1_2_2.png>
Package pdftex.def Info: images/example_3_1_2_2.png used on input line 2932.
(pdftex.def)             Requested size: 216.81pt x 130.08772pt.
 [65 <./images/example_3_1_2_1.png (PNG copy)> <./images/example_3_1_2_2.png (P
NG copy)>]
<images/example_3_1_2_3.png, id=942, 501.875pt x 301.125pt>
File: images/example_3_1_2_3.png Graphic file (type png)

<use images/example_3_1_2_3.png>
Package pdftex.def Info: images/example_3_1_2_3.png used on input line 2966.
(pdftex.def)             Requested size: 216.81pt x 130.08772pt.
 [66 <./images/example_3_1_2_3.png (PNG copy)>] <images/example_3_1_3_1.png, id
=948, 501.875pt x 301.125pt>
File: images/example_3_1_3_1.png Graphic file (type png)

<use images/example_3_1_3_1.png>
Package pdftex.def Info: images/example_3_1_3_1.png used on input line 2997.
(pdftex.def)             Requested size: 216.81pt x 130.08772pt.
 [67 <./images/example_3_1_3_1.png (PNG copy)>] <images/example_3_1_3_2.png, id
=953, 501.875pt x 301.125pt>
File: images/example_3_1_3_2.png Graphic file (type png)

<use images/example_3_1_3_2.png>
Package pdftex.def Info: images/example_3_1_3_2.png used on input line 3063.
(pdftex.def)             Requested size: 216.81pt x 130.08772pt.
 [68 <./images/example_3_1_3_2.png (PNG copy)>] [69] <images/example_3_2_1_1.pn
g, id=963, 602.25pt x 602.25pt>
File: images/example_3_2_1_1.png Graphic file (type png)

<use images/example_3_2_1_1.png>
Package pdftex.def Info: images/example_3_2_1_1.png used on input line 3134.
(pdftex.def)             Requested size: 195.12877pt x 195.1316pt.

<images/example_3_2_1_2.png, id=964, 345.29pt x 308.15125pt>
File: images/example_3_2_1_2.png Graphic file (type png)

<use images/example_3_2_1_2.png>
Package pdftex.def Info: images/example_3_2_1_2.png used on input line 3135.
(pdftex.def)             Requested size: 195.12877pt x 174.14339pt.
 [70 <./images/example_3_2_1_1.png (PNG copy)> <./images/example_3_2_1_2.png (P
NG copy)>]
<images/example_3_2_2_1.png, id=969, 602.25pt x 602.25pt>
File: images/example_3_2_2_1.png Graphic file (type png)

<use images/example_3_2_2_1.png>
Package pdftex.def Info: images/example_3_2_2_1.png used on input line 3202.
(pdftex.def)             Requested size: 195.12877pt x 195.1316pt.

<images/example_3_2_2_2.png, id=970, 317.185pt x 216.81pt>
File: images/example_3_2_2_2.png Graphic file (type png)

<use images/example_3_2_2_2.png>
Package pdftex.def Info: images/example_3_2_2_2.png used on input line 3203.
(pdftex.def)             Requested size: 195.12877pt x 133.382pt.
 [71] [72 <./images/example_3_2_2_1.png (PNG copy)> <./images/example_3_2_2_2.p
ng (PNG copy)>] [73]
<images/example_3_2_3_1.png, id=987, 602.25pt x 602.25pt>
File: images/example_3_2_3_1.png Graphic file (type png)

<use images/example_3_2_3_1.png>
Package pdftex.def Info: images/example_3_2_3_1.png used on input line 3303.
(pdftex.def)             Requested size: 195.12877pt x 195.1316pt.

<images/example_3_2_3_2.png, id=988, 317.185pt x 305.14pt>
File: images/example_3_2_3_2.png Graphic file (type png)

<use images/example_3_2_3_2.png>
Package pdftex.def Info: images/example_3_2_3_2.png used on input line 3304.
(pdftex.def)             Requested size: 195.12877pt x 187.72282pt.
 [74 <./images/example_3_2_3_1.png (PNG copy)> <./images/example_3_2_3_2.png>] 
[75]
Overfull \hbox (0.24445pt too wide) in paragraph at lines 3394--3394
[]       \OT1/cmtt/m/n/10 parametric_surface(1.3*cos(t),1.3*sin(t),u,u,0,cosh(1
.3),t,0,2*%pi),[] 
 []

<images/example_3_2_4_1.png, id=998, 602.25pt x 602.25pt>
File: images/example_3_2_4_1.png Graphic file (type png)

<use images/example_3_2_4_1.png>
Package pdftex.def Info: images/example_3_2_4_1.png used on input line 3396.
(pdftex.def)             Requested size: 195.12877pt x 195.1316pt.

<images/example_3_2_4_2.png, id=999, 317.185pt x 348.30125pt>
File: images/example_3_2_4_2.png Graphic file (type png)

<use images/example_3_2_4_2.png>
Package pdftex.def Info: images/example_3_2_4_2.png used on input line 3397.
(pdftex.def)             Requested size: 180.67499pt x 198.40622pt.
 [76 <./images/example_3_2_4_1.png (PNG copy)> <./images/example_3_2_4_2.png>] 
[77] [78]
<images/example_3_3_1_1.png, id=1014, 501.875pt x 301.125pt>
File: images/example_3_3_1_1.png Graphic file (type png)

<use images/example_3_3_1_1.png>
Package pdftex.def Info: images/example_3_3_1_1.png used on input line 3526.
(pdftex.def)             Requested size: 195.12877pt x 117.07988pt.

<images/example_3_3_1_2.png, id=1015, 501.875pt x 301.125pt>
File: images/example_3_3_1_2.png Graphic file (type png)

<use images/example_3_3_1_2.png>
Package pdftex.def Info: images/example_3_3_1_2.png used on input line 3527.
(pdftex.def)             Requested size: 195.12877pt x 117.07988pt.

<images/example_3_3_1_3.png, id=1016, 501.875pt x 301.125pt>
File: images/example_3_3_1_3.png Graphic file (type png)

<use images/example_3_3_1_3.png>
Package pdftex.def Info: images/example_3_3_1_3.png used on input line 3529.
(pdftex.def)             Requested size: 195.12877pt x 117.07988pt.

<images/example_3_3_1_4.png, id=1017, 501.875pt x 301.125pt>
File: images/example_3_3_1_4.png Graphic file (type png)

<use images/example_3_3_1_4.png>
Package pdftex.def Info: images/example_3_3_1_4.png used on input line 3530.
(pdftex.def)             Requested size: 195.12877pt x 117.07988pt.
 [79 <./images/example_3_3_1_1.png (PNG copy)> <./images/example_3_3_1_2.png (P
NG copy)> <./images/example_3_3_1_3.png (PNG copy)> <./images/example_3_3_1_4.p
ng (PNG copy)>] [80]
<images/figure_3_3_2_1.png, id=1027, 501.875pt x 301.125pt>
File: images/figure_3_3_2_1.png Graphic file (type png)

<use images/figure_3_3_2_1.png>
Package pdftex.def Info: images/figure_3_3_2_1.png used on input line 3613.
(pdftex.def)             Requested size: 195.12877pt x 117.07988pt.

<images/figure_3_3_2_2.png, id=1028, 501.875pt x 301.125pt>
File: images/figure_3_3_2_2.png Graphic file (type png)

<use images/figure_3_3_2_2.png>
Package pdftex.def Info: images/figure_3_3_2_2.png used on input line 3614.
(pdftex.def)             Requested size: 195.12877pt x 117.07988pt.
 [81 <./images/figure_3_3_2_1.png (PNG copy)> <./images/figure_3_3_2_2.png (PNG
 copy)>]
<images/figure_3_4_1.png, id=1034, 326.21875pt x 230.8625pt>
File: images/figure_3_4_1.png Graphic file (type png)

<use images/figure_3_4_1.png>
Package pdftex.def Info: images/figure_3_4_1.png used on input line 3665.
(pdftex.def)             Requested size: 216.81pt x 153.4406pt.
 [82 <./images/figure_3_4_1.png>]
Overfull \hbox (5.4944pt too wide) in paragraph at lines 3715--3715
[]       \OT1/cmtt/m/n/10 parametric_surface(r,cosh(r)*cos(t),cosh(r)*sin(t),r,
-2,2,t,0,2*%pi),[] 
 []

<images/example_3_4_1_1.png, id=1040, 602.25pt x 602.25pt>
File: images/example_3_4_1_1.png Graphic file (type png)

<use images/example_3_4_1_1.png>
Package pdftex.def Info: images/example_3_4_1_1.png used on input line 3717.
(pdftex.def)             Requested size: 195.12877pt x 195.1316pt.

<images/example_3_4_1_2.png, id=1041, 341.275pt x 305.14pt>
File: images/example_3_4_1_2.png Graphic file (type png)

<use images/example_3_4_1_2.png>
Package pdftex.def Info: images/example_3_4_1_2.png used on input line 3718.
(pdftex.def)             Requested size: 195.12877pt x 174.4717pt.
 [83 <./images/example_3_4_1_1.png (PNG copy)> <./images/example_3_4_1_2.png>] 
[84]
<images/example_3_4_2_1.png, id=1052, 602.25pt x 602.25pt>
File: images/example_3_4_2_1.png Graphic file (type png)

<use images/example_3_4_2_1.png>
Package pdftex.def Info: images/example_3_4_2_1.png used on input line 3801.
(pdftex.def)             Requested size: 195.12877pt x 195.1316pt.

<images/example_3_4_2_2.png, id=1053, 306.14375pt x 307.1475pt>
File: images/example_3_4_2_2.png Graphic file (type png)

<use images/example_3_4_2_2.png>
Package pdftex.def Info: images/example_3_4_2_2.png used on input line 3802.
(pdftex.def)             Requested size: 195.12877pt x 195.76761pt.
 [85 <./images/example_3_4_2_1.png (PNG copy)> <./images/example_3_4_2_2.png>] 
[86] [87] [88]
Module 4.
\openout3 = `wxMaximaforCalculusII.mtc'.

\openout3 = `wxMaximaforCalculusII.mtc'.

(./wxMaximaforCalculusII.mtc6) [89

] [90]
<images/example_4_1_1_1.png, id=1129, 501.875pt x 301.125pt>
File: images/example_4_1_1_1.png Graphic file (type png)

<use images/example_4_1_1_1.png>
Package pdftex.def Info: images/example_4_1_1_1.png used on input line 4006.
(pdftex.def)             Requested size: 216.81pt x 130.08772pt.
 [91 <./images/example_4_1_1_1.png (PNG copy)>] [92] <images/example_4_1_4_1.pn
g, id=1141, 501.875pt x 301.125pt>
File: images/example_4_1_4_1.png Graphic file (type png)

<use images/example_4_1_4_1.png>
Package pdftex.def Info: images/example_4_1_4_1.png used on input line 4104.
(pdftex.def)             Requested size: 216.81pt x 130.08772pt.

Overfull \hbox (0.24445pt too wide) in paragraph at lines 4151--4151
[]\OT1/cmtt/m/n/10 (%i30) y_p:float(sublis([c_1=rhs((%[1])[1]),c_2=rhs((%[1])[2
])],y_gen(x)));[] 
 []

[93 <./images/example_4_1_4_1.png (PNG copy)>]
<images/example_4_1_5_1.png, id=1147, 501.875pt x 301.125pt>
File: images/example_4_1_5_1.png Graphic file (type png)

<use images/example_4_1_5_1.png>
Package pdftex.def Info: images/example_4_1_5_1.png used on input line 4153.
(pdftex.def)             Requested size: 216.81pt x 130.08772pt.
 [94 <./images/example_4_1_5_1.png (PNG copy)>] [95]
Overfull \hbox (0.24445pt too wide) in paragraph at lines 4260--4260
[]       \OT1/cmtt/m/n/10 title="curves in the general solution, and the partic
ular solution",[] 
 []

<images/example_4_2_2_1.png, id=1159, 602.25pt x 602.25pt>
File: images/example_4_2_2_1.png Graphic file (type png)

<use images/example_4_2_2_1.png>
Package pdftex.def Info: images/example_4_2_2_1.png used on input line 4263.
(pdftex.def)             Requested size: 216.81pt x 216.80983pt.
 [96] [97 <./images/example_4_2_2_1.png (PNG copy)>] <images/example_4_3_1_1.pn
g, id=1168, 501.875pt x 301.125pt>
File: images/example_4_3_1_1.png Graphic file (type png)

<use images/example_4_3_1_1.png>
Package pdftex.def Info: images/example_4_3_1_1.png used on input line 4318.
(pdftex.def)             Requested size: 216.81pt x 130.08772pt.
 [98] [99 <./images/example_4_3_1_1.png (PNG copy)>] <images/example_4_3_4_1.pn
g, id=1180, 501.875pt x 301.125pt>
File: images/example_4_3_4_1.png Graphic file (type png)

<use images/example_4_3_4_1.png>
Package pdftex.def Info: images/example_4_3_4_1.png used on input line 4416.
(pdftex.def)             Requested size: 216.81pt x 130.08772pt.
 [100 <./images/example_4_3_4_1.png (PNG copy)>] <images/example_4_4_1_1.png, i
d=1186, 501.875pt x 301.125pt>
File: images/example_4_4_1_1.png Graphic file (type png)

<use images/example_4_4_1_1.png>
Package pdftex.def Info: images/example_4_4_1_1.png used on input line 4447.
(pdftex.def)             Requested size: 216.81pt x 130.08772pt.

<images/example_4_4_1_2.png, id=1187, 501.875pt x 301.125pt>
File: images/example_4_4_1_2.png Graphic file (type png)

<use images/example_4_4_1_2.png>
Package pdftex.def Info: images/example_4_4_1_2.png used on input line 4448.
(pdftex.def)             Requested size: 216.81pt x 130.08772pt.
 [101 <./images/example_4_4_1_1.png> <./images/example_4_4_1_2.png>]
<images/example_4_4_2_1.png, id=1194, 501.875pt x 301.125pt>
File: images/example_4_4_2_1.png Graphic file (type png)

<use images/example_4_4_2_1.png>
Package pdftex.def Info: images/example_4_4_2_1.png used on input line 4463.
(pdftex.def)             Requested size: 216.81pt x 130.08772pt.

<images/example_4_4_2_2.png, id=1195, 501.875pt x 301.125pt>
File: images/example_4_4_2_2.png Graphic file (type png)

<use images/example_4_4_2_2.png>
Package pdftex.def Info: images/example_4_4_2_2.png used on input line 4473.
(pdftex.def)             Requested size: 216.81pt x 130.08772pt.
 [102 <./images/example_4_4_2_1.png> <./images/example_4_4_2_2.png>] [103] [104
]
<images/example_4_5_2_1.png, id=1210, 501.875pt x 301.125pt>
File: images/example_4_5_2_1.png Graphic file (type png)

<use images/example_4_5_2_1.png>
Package pdftex.def Info: images/example_4_5_2_1.png used on input line 4605.
(pdftex.def)             Requested size: 195.12877pt x 117.07988pt.

<images/example_4_5_2_2.png, id=1211, 501.875pt x 301.125pt>
File: images/example_4_5_2_2.png Graphic file (type png)

<use images/example_4_5_2_2.png>
Package pdftex.def Info: images/example_4_5_2_2.png used on input line 4606.
(pdftex.def)             Requested size: 195.12877pt x 117.07988pt.

<images/example_4_5_2_3.png, id=1212, 501.875pt x 301.125pt> [105]
File: images/example_4_5_2_3.png Graphic file (type png)

<use images/example_4_5_2_3.png>
Package pdftex.def Info: images/example_4_5_2_3.png used on input line 4608.
(pdftex.def)             Requested size: 195.12877pt x 117.07988pt.

<images/example_4_5_2_4.png, id=1218, 501.875pt x 301.125pt>
File: images/example_4_5_2_4.png Graphic file (type png)

<use images/example_4_5_2_4.png>
Package pdftex.def Info: images/example_4_5_2_4.png used on input line 4609.
(pdftex.def)             Requested size: 195.12877pt x 117.07988pt.

<images/example_4_5_2_5.png, id=1219, 501.875pt x 301.125pt>
File: images/example_4_5_2_5.png Graphic file (type png)

<use images/example_4_5_2_5.png>
Package pdftex.def Info: images/example_4_5_2_5.png used on input line 4618.
(pdftex.def)             Requested size: 216.81pt x 130.08772pt.
 [106 <./images/example_4_5_2_1.png (PNG copy)> <./images/example_4_5_2_2.png (
PNG copy)> <./images/example_4_5_2_3.png (PNG copy)> <./images/example_4_5_2_4.
png (PNG copy)> <./images/example_4_5_2_5.png>] [107] [108] [109]
Module 5.
\openout3 = `wxMaximaforCalculusII.mtc'.

\openout3 = `wxMaximaforCalculusII.mtc'.

(./wxMaximaforCalculusII.mtc7) [110

]
<images/example_5_1_1_1.png, id=1279, 501.875pt x 301.125pt>
File: images/example_5_1_1_1.png Graphic file (type png)

<use images/example_5_1_1_1.png>
Package pdftex.def Info: images/example_5_1_1_1.png used on input line 4764.
(pdftex.def)             Requested size: 216.81pt x 130.08772pt.
 [111]
Overfull \hbox (78.99376pt too wide) in paragraph at lines 4810--4810
[]        \OT1/cmtt/m/n/10 points([[x(0),y(0)],[x(%pi/2),y(%pi/2)],[x(%pi),y(%p
i)],[x(3*%pi/2),y(3*%pi/2)]]),[] 
 []

[112 <./images/example_5_1_1_1.png (PNG copy)>]
<images/example_5_1_2_1.png, id=1290, 602.25pt x 602.25pt>
File: images/example_5_1_2_1.png Graphic file (type png)

<use images/example_5_1_2_1.png>
Package pdftex.def Info: images/example_5_1_2_1.png used on input line 4812.
(pdftex.def)             Requested size: 216.81pt x 216.80983pt.
 [113 <./images/example_5_1_2_1.png (PNG copy)>] <images/example_5_1_3_1.png, i
d=1297, 602.25pt x 602.25pt>
File: images/example_5_1_3_1.png Graphic file (type png)

<use images/example_5_1_3_1.png>
Package pdftex.def Info: images/example_5_1_3_1.png used on input line 4853.
(pdftex.def)             Requested size: 216.81pt x 216.80983pt.
 [114 <./images/example_5_1_3_1.png (PNG copy)>] [115] <images/example_5_2_1_1.
png, id=1307, 501.875pt x 301.125pt>
File: images/example_5_2_1_1.png Graphic file (type png)

<use images/example_5_2_1_1.png>
Package pdftex.def Info: images/example_5_2_1_1.png used on input line 4921.
(pdftex.def)             Requested size: 216.81pt x 130.08772pt.

<images/example_5_2_2_1.png, id=1308, 501.875pt x 301.125pt>
File: images/example_5_2_2_1.png Graphic file (type png)

<use images/example_5_2_2_1.png>
Package pdftex.def Info: images/example_5_2_2_1.png used on input line 4959.
(pdftex.def)             Requested size: 216.81pt x 130.08772pt.
 [116 <./images/example_5_2_1_1.png (PNG copy)>] <images/example_5_2_2_2.png, i
d=1314, 501.875pt x 301.125pt>
File: images/example_5_2_2_2.png Graphic file (type png)

<use images/example_5_2_2_2.png>
Package pdftex.def Info: images/example_5_2_2_2.png used on input line 4996.
(pdftex.def)             Requested size: 216.81pt x 130.08772pt.
 [117 <./images/example_5_2_2_1.png (PNG copy)>] <images/figure_5_2_2_1.png, id
=1319, 501.875pt x 301.125pt>
File: images/figure_5_2_2_1.png Graphic file (type png)

<use images/figure_5_2_2_1.png>
Package pdftex.def Info: images/figure_5_2_2_1.png used on input line 5011.
(pdftex.def)             Requested size: 195.12877pt x 117.07988pt.

<images/figure_5_2_2_2.png, id=1320, 501.875pt x 301.125pt>
File: images/figure_5_2_2_2.png Graphic file (type png)

<use images/figure_5_2_2_2.png>
Package pdftex.def Info: images/figure_5_2_2_2.png used on input line 5012.
(pdftex.def)             Requested size: 195.12877pt x 117.07988pt.
 [118 <./images/example_5_2_2_2.png (PNG copy)> <./images/figure_5_2_2_1.png (P
NG copy)> <./images/figure_5_2_2_2.png (PNG copy)>] <images/example_5_2_3_1.png
, id=1326, 501.875pt x 301.125pt>
File: images/example_5_2_3_1.png Graphic file (type png)

<use images/example_5_2_3_1.png>
Package pdftex.def Info: images/example_5_2_3_1.png used on input line 5070.
(pdftex.def)             Requested size: 216.81pt x 130.08772pt.
 [119 <./images/example_5_2_3_1.png (PNG copy)>] [120] <images/example_5_3_1_1.
png, id=1337, 602.25pt x 602.25pt>
File: images/example_5_3_1_1.png Graphic file (type png)

<use images/example_5_3_1_1.png>
Package pdftex.def Info: images/example_5_3_1_1.png used on input line 5149.
(pdftex.def)             Requested size: 216.81pt x 216.80983pt.
 [121 <./images/example_5_3_1_1.png (PNG copy)>] [122] <images/example_5_3_3_1.
png, id=1347, 602.25pt x 602.25pt>
File: images/example_5_3_3_1.png Graphic file (type png)

<use images/example_5_3_3_1.png>
Package pdftex.def Info: images/example_5_3_3_1.png used on input line 5247.
(pdftex.def)             Requested size: 195.12877pt x 195.1316pt.
 [123 <./images/example_5_3_3_1.png (PNG copy)>] <images/example_5_3_4_1.png, i
d=1353, 602.25pt x 602.25pt>
File: images/example_5_3_4_1.png Graphic file (type png)

<use images/example_5_3_4_1.png>
Package pdftex.def Info: images/example_5_3_4_1.png used on input line 5294.
(pdftex.def)             Requested size: 195.12877pt x 195.1316pt.
 [124 <./images/example_5_3_4_1.png (PNG copy)>] <images/example_5_3_5_1.png, i
d=1359, 501.875pt x 301.125pt>
File: images/example_5_3_5_1.png Graphic file (type png)

<use images/example_5_3_5_1.png>
Package pdftex.def Info: images/example_5_3_5_1.png used on input line 5319.
(pdftex.def)             Requested size: 216.81pt x 130.08772pt.

Overfull \hbox (36.99413pt too wide) in paragraph at lines 5346--5346
[]\OT1/cmtt/m/n/10 (%i5) POINTS:makelist(float([x(R(n*%pi/5),n*%pi/5),y(R(n*%pi
/5),n*%pi/5)]),n,0,4)$[] 
 []

[125 <./images/example_5_3_5_1.png (PNG copy)>]
<images/example_5_3_5_2.png, id=1366, 602.25pt x 602.25pt>
File: images/example_5_3_5_2.png Graphic file (type png)

<use images/example_5_3_5_2.png>
Package pdftex.def Info: images/example_5_3_5_2.png used on input line 5349.
(pdftex.def)             Requested size: 216.81pt x 216.80983pt.
 [126 <./images/example_5_3_5_2.png (PNG copy)>] <images/example_5_4_1_1.png, i
d=1372, 602.25pt x 602.25pt>
File: images/example_5_4_1_1.png Graphic file (type png)

<use images/example_5_4_1_1.png>
Package pdftex.def Info: images/example_5_4_1_1.png used on input line 5416.
(pdftex.def)             Requested size: 216.81pt x 216.80983pt.
 [127]
<images/figure_5_4_2_1.png, id=1378, 501.875pt x 301.125pt>
File: images/figure_5_4_2_1.png Graphic file (type png)

<use images/figure_5_4_2_1.png>
Package pdftex.def Info: images/figure_5_4_2_1.png used on input line 5428.
(pdftex.def)             Requested size: 195.12877pt x 117.07988pt.

<images/figure_5_4_2_2.png, id=1379, 501.875pt x 301.125pt>
File: images/figure_5_4_2_2.png Graphic file (type png)

<use images/figure_5_4_2_2.png>
Package pdftex.def Info: images/figure_5_4_2_2.png used on input line 5429.
(pdftex.def)             Requested size: 195.12877pt x 117.07988pt.
 [128 <./images/example_5_4_1_1.png (PNG copy)> <./images/figure_5_4_2_1.png (P
NG copy)> <./images/figure_5_4_2_2.png (PNG copy)>] <images/example_5_4_2_1.png
, id=1384, 602.25pt x 602.25pt>
File: images/example_5_4_2_1.png Graphic file (type png)

<use images/example_5_4_2_1.png>
Package pdftex.def Info: images/example_5_4_2_1.png used on input line 5476.
(pdftex.def)             Requested size: 216.81pt x 216.80983pt.
 [129 <./images/example_5_4_2_1.png (PNG copy)>] <images/figure_5_4_3_1.png, id
=1390, 501.875pt x 301.125pt>
File: images/figure_5_4_3_1.png Graphic file (type png)

<use images/figure_5_4_3_1.png>
Package pdftex.def Info: images/figure_5_4_3_1.png used on input line 5489.
(pdftex.def)             Requested size: 216.81pt x 130.08772pt.

<images/example_5_4_3_1.png, id=1391, 501.875pt x 301.125pt>
File: images/example_5_4_3_1.png Graphic file (type png)

<use images/example_5_4_3_1.png>
Package pdftex.def Info: images/example_5_4_3_1.png used on input line 5528.
(pdftex.def)             Requested size: 216.81pt x 130.08772pt.
 [130 <./images/figure_5_4_3_1.png>]
<images/example_5_4_3_2.png, id=1397, 602.25pt x 602.25pt>
File: images/example_5_4_3_2.png Graphic file (type png)

<use images/example_5_4_3_2.png>
Package pdftex.def Info: images/example_5_4_3_2.png used on input line 5572.
(pdftex.def)             Requested size: 216.81pt x 216.80983pt.
 [131 <./images/example_5_4_3_1.png (PNG copy)>] [132 <./images/example_5_4_3_2
.png>] [133] [134] [135]
Module 6.
\openout3 = `wxMaximaforCalculusII.mtc'.

\openout3 = `wxMaximaforCalculusII.mtc'.

(./wxMaximaforCalculusII.mtc8) [136

]
<images/example_6_1_1_1.png, id=1454, 501.875pt x 301.125pt>
File: images/example_6_1_1_1.png Graphic file (type png)

<use images/example_6_1_1_1.png>
Package pdftex.def Info: images/example_6_1_1_1.png used on input line 5720.
(pdftex.def)             Requested size: 216.81pt x 130.08772pt.
 [137 <./images/example_6_1_1_1.png (PNG copy)>] <images/example_6_1_2_1.png, i
d=1461, 501.875pt x 301.125pt>
File: images/example_6_1_2_1.png Graphic file (type png)

<use images/example_6_1_2_1.png>
Package pdftex.def Info: images/example_6_1_2_1.png used on input line 5753.
(pdftex.def)             Requested size: 216.81pt x 130.08772pt.

<images/example_6_1_3_1.png, id=1462, 501.875pt x 301.125pt>
File: images/example_6_1_3_1.png Graphic file (type png)

<use images/example_6_1_3_1.png>
Package pdftex.def Info: images/example_6_1_3_1.png used on input line 5783.
(pdftex.def)             Requested size: 216.81pt x 130.08772pt.
 [138 <./images/example_6_1_2_1.png (PNG copy)>] [139 <./images/example_6_1_3_1
.png (PNG copy)>] [140]
<images/example_6_2_2_1.png, id=1478, 501.875pt x 301.125pt>
File: images/example_6_2_2_1.png Graphic file (type png)

<use images/example_6_2_2_1.png>
Package pdftex.def Info: images/example_6_2_2_1.png used on input line 5890.
(pdftex.def)             Requested size: 216.81pt x 130.08772pt.
 [141 <./images/example_6_2_2_1.png (PNG copy)>] <images/example_6_2_3_1.png, i
d=1484, 501.875pt x 301.125pt>
File: images/example_6_2_3_1.png Graphic file (type png)

<use images/example_6_2_3_1.png>
Package pdftex.def Info: images/example_6_2_3_1.png used on input line 5930.
(pdftex.def)             Requested size: 216.81pt x 130.08772pt.
 [142 <./images/example_6_2_3_1.png (PNG copy)>] <images/example_6_3_1_1.png, i
d=1490, 501.875pt x 301.125pt>
File: images/example_6_3_1_1.png Graphic file (type png)

<use images/example_6_3_1_1.png>
Package pdftex.def Info: images/example_6_3_1_1.png used on input line 5981.
(pdftex.def)             Requested size: 216.81pt x 130.08772pt.
 [143] [144 <./images/example_6_3_1_1.png (PNG copy)>] <images/example_6_3_2_1.
png, id=1503, 501.875pt x 301.125pt>
File: images/example_6_3_2_1.png Graphic file (type png)

<use images/example_6_3_2_1.png>
Package pdftex.def Info: images/example_6_3_2_1.png used on input line 6031.
(pdftex.def)             Requested size: 216.81pt x 130.08772pt.
 [145 <./images/example_6_3_2_1.png (PNG copy)>] [146] [147] <images/example_6_
3_5_1.png, id=1522, 501.875pt x 301.125pt>
File: images/example_6_3_5_1.png Graphic file (type png)

<use images/example_6_3_5_1.png>
Package pdftex.def Info: images/example_6_3_5_1.png used on input line 6200.
(pdftex.def)             Requested size: 216.81pt x 130.08772pt.

Overfull \hbox (31.74417pt too wide) in paragraph at lines 6212--6212
[]\OT1/cmtt/m/n/10 find_root: function has same sign at endpoints: mequal(f(5.0
),-0.11820541726029),[] 
 []

[148 <./images/example_6_3_5_1.png (PNG copy)>] [149] [150] [151] [152]
[153] <images/example_6_4_6_1.png, id=1559, 501.875pt x 301.125pt>
File: images/example_6_4_6_1.png Graphic file (type png)

<use images/example_6_4_6_1.png>
Package pdftex.def Info: images/example_6_4_6_1.png used on input line 6502.
(pdftex.def)             Requested size: 195.12877pt x 117.07988pt.

<images/example_6_4_6_2.png, id=1560, 501.875pt x 301.125pt>
File: images/example_6_4_6_2.png Graphic file (type png)

<use images/example_6_4_6_2.png>
Package pdftex.def Info: images/example_6_4_6_2.png used on input line 6503.
(pdftex.def)             Requested size: 195.12877pt x 117.07988pt.

<images/example_6_4_6_3.png, id=1561, 501.875pt x 301.125pt>
File: images/example_6_4_6_3.png Graphic file (type png)

<use images/example_6_4_6_3.png>
Package pdftex.def Info: images/example_6_4_6_3.png used on input line 6505.
(pdftex.def)             Requested size: 195.12877pt x 117.07988pt.

<images/example_6_4_6_4.png, id=1562, 501.875pt x 301.125pt>
File: images/example_6_4_6_4.png Graphic file (type png)

<use images/example_6_4_6_4.png>
Package pdftex.def Info: images/example_6_4_6_4.png used on input line 6506.
(pdftex.def)             Requested size: 195.12877pt x 117.07988pt.
 [154 <./images/example_6_4_6_1.png (PNG copy)> <./images/example_6_4_6_2.png (
PNG copy)> <./images/example_6_4_6_3.png (PNG copy)> <./images/example_6_4_6_4.
png (PNG copy)>] [155]
<images/example_6_5_2_1.png, id=1573, 501.875pt x 301.125pt>
File: images/example_6_5_2_1.png Graphic file (type png)

<use images/example_6_5_2_1.png>
Package pdftex.def Info: images/example_6_5_2_1.png used on input line 6600.
(pdftex.def)             Requested size: 195.12877pt x 117.07988pt.

<images/example_6_5_2_2.png, id=1574, 501.875pt x 301.125pt>
File: images/example_6_5_2_2.png Graphic file (type png)

<use images/example_6_5_2_2.png>
Package pdftex.def Info: images/example_6_5_2_2.png used on input line 6601.
(pdftex.def)             Requested size: 195.12877pt x 117.07988pt.

<images/example_6_5_2_3.png, id=1575, 501.875pt x 301.125pt> [156]
File: images/example_6_5_2_3.png Graphic file (type png)

<use images/example_6_5_2_3.png>
Package pdftex.def Info: images/example_6_5_2_3.png used on input line 6603.
(pdftex.def)             Requested size: 195.12877pt x 117.07988pt.

<images/example_6_5_2_4.png, id=1581, 501.875pt x 301.125pt>
File: images/example_6_5_2_4.png Graphic file (type png)

<use images/example_6_5_2_4.png>
Package pdftex.def Info: images/example_6_5_2_4.png used on input line 6604.
(pdftex.def)             Requested size: 195.12877pt x 117.07988pt.

<images/example_6_5_2_5.png, id=1582, 501.875pt x 301.125pt>
File: images/example_6_5_2_5.png Graphic file (type png)

<use images/example_6_5_2_5.png>
Package pdftex.def Info: images/example_6_5_2_5.png used on input line 6606.
(pdftex.def)             Requested size: 195.12877pt x 117.07988pt.

<images/example_6_5_2_6.png, id=1583, 501.875pt x 301.125pt>
File: images/example_6_5_2_6.png Graphic file (type png)

<use images/example_6_5_2_6.png>
Package pdftex.def Info: images/example_6_5_2_6.png used on input line 6607.
(pdftex.def)             Requested size: 195.12877pt x 117.07988pt.
 [157 <./images/example_6_5_2_1.png (PNG copy)> <./images/example_6_5_2_2.png (
PNG copy)> <./images/example_6_5_2_3.png (PNG copy)> <./images/example_6_5_2_4.
png (PNG copy)> <./images/example_6_5_2_5.png (PNG copy)> <./images/example_6_5
_2_6.png (PNG copy)>]
<images/example_6_5_3_1.png, id=1589, 602.25pt x 602.25pt>
File: images/example_6_5_3_1.png Graphic file (type png)

<use images/example_6_5_3_1.png>
Package pdftex.def Info: images/example_6_5_3_1.png used on input line 6662.
(pdftex.def)             Requested size: 216.81pt x 216.80983pt.
 [158 <./images/example_6_5_3_1.png (PNG copy)>] [159] [160] [161] [162] [163] 
[164] [165] [166] [167]
Package minitoc Info: I0009
(minitoc)             Listing minitoc auxiliary files. 
(minitoc)             Creating the wxMaximaforCalculusII.maf file.
\openout3 = `wxMaximaforCalculusII.maf'.



Package minitoc(hints) Warning: W0024
(minitoc(hints))                Some hints have been written 
(minitoc(hints))                in the wxMaximaforCalculusII.log file.

Package atveryend Info: Empty hook `BeforeClearDocument' on input line 6828.
[168]
Package atveryend Info: Empty hook `AfterLastShipout' on input line 6828.
 (./wxMaximaforCalculusII.aux)
Package atveryend Info: Executing hook `AtVeryEndDocument' on input line 6828.
Package atveryend Info: Executing hook `AtEndAfterFileList' on input line 6828.

Package rerunfilecheck Info: File `wxMaximaforCalculusII.out' has not changed.
(rerunfilecheck)             Checksum: E19564DDFE28B29F0E8BE6120306C303;5992.
Package atveryend Info: Empty hook `AtVeryVeryEnd' on input line 6828.
 ) 
Here is how much of TeX's memory you used:
 9754 strings out of 493089
 143082 string characters out of 6135291
 246221 words of memory out of 5000000
 12237 multiletter control sequences out of 15000+600000
 15786 words of font info for 60 fonts, out of 8000000 for 9000
 1141 hyphenation exceptions out of 8191
 29i,9n,43p,850b,552s stack positions out of 5000i,500n,10000p,200000b,80000s
</home/saul/texlive2015/texmf-dist/fonts/type1/public/amsfonts/cm/cmbx10.pfb>
</home/saul/texlive2015/texmf-dist/fonts/type1/public/amsfonts/cm/cmbx12.pfb></
home/saul/texlive2015/texmf-dist/fonts/type1/public/amsfonts/cm/cmbx9.pfb></hom
e/saul/texlive2015/texmf-dist/fonts/type1/public/amsfonts/cm/cmbxti10.pfb></hom
e/saul/texlive2015/texmf-dist/fonts/type1/public/amsfonts/cm/cmex10.pfb></home/
saul/texlive2015/texmf-dist/fonts/type1/public/amsfonts/cmextra/cmex7.pfb></hom
e/saul/texlive2015/texmf-dist/fonts/type1/public/amsfonts/cm/cmmi10.pfb></home/
saul/texlive2015/texmf-dist/fonts/type1/public/amsfonts/cm/cmmi5.pfb></home/sau
l/texlive2015/texmf-dist/fonts/type1/public/amsfonts/cm/cmmi7.pfb></home/saul/t
exlive2015/texmf-dist/fonts/type1/public/amsfonts/cm/cmr10.pfb></home/saul/texl
ive2015/texmf-dist/fonts/type1/public/amsfonts/cm/cmr12.pfb></home/saul/texlive
2015/texmf-dist/fonts/type1/public/amsfonts/cm/cmr17.pfb></home/saul/texlive201
5/texmf-dist/fonts/type1/public/amsfonts/cm/cmr5.pfb></home/saul/texlive2015/te
xmf-dist/fonts/type1/public/amsfonts/cm/cmr7.pfb></home/saul/texlive2015/texmf-
dist/fonts/type1/public/amsfonts/cm/cmr9.pfb></home/saul/texlive2015/texmf-dist
/fonts/type1/public/amsfonts/cm/cmsy10.pfb></home/saul/texlive2015/texmf-dist/f
onts/type1/public/amsfonts/cm/cmsy5.pfb></home/saul/texlive2015/texmf-dist/font
s/type1/public/amsfonts/cm/cmsy7.pfb></home/saul/texlive2015/texmf-dist/fonts/t
ype1/public/amsfonts/cm/cmti10.pfb></home/saul/texlive2015/texmf-dist/fonts/typ
e1/public/amsfonts/cm/cmti9.pfb></home/saul/texlive2015/texmf-dist/fonts/type1/
public/amsfonts/cm/cmtt10.pfb>
Output written on wxMaximaforCalculusII.pdf (176 pages, 1327717 bytes).
PDF statistics:
 1857 PDF objects out of 2073 (max. 8388607)
 1538 compressed objects within 16 object streams
 555 named destinations out of 1000 (max. 500000)
 1185 words of extra memory for PDF output out of 10000 (max. 10000000)

