This is pdfTeX, Version 3.14159265-2.6-1.40.16 (TeX Live 2015) (preloaded format=pdflatex 2015.7.9)  19 APR 2016 10:07
entering extended mode
 restricted \write18 enabled.
 %&-line parsing enabled.
**wxMaximaforCalculusI.tex
(./wxMaximaforCalculusI.tex
LaTeX2e <2015/01/01>
Babel <3.9l> and hyphenation patterns for 79 languages loaded.
(/home/saul/texlive2015/texmf-dist/tex/latex/base/report.cls
Document Class: report 2014/09/29 v1.4h Standard LaTeX document class
(/home/saul/texlive2015/texmf-dist/tex/latex/base/size10.clo
File: size10.clo 2014/09/29 v1.4h Standard LaTeX file (size option)
)
\c@part=\count79
\c@chapter=\count80
\c@section=\count81
\c@subsection=\count82
\c@subsubsection=\count83
\c@paragraph=\count84
\c@subparagraph=\count85
\c@figure=\count86
\c@table=\count87
\abovecaptionskip=\skip41
\belowcaptionskip=\skip42
\bibindent=\dimen102
)
(/home/saul/texlive2015/texmf-dist/tex/latex/amsmath/amsmath.sty
Package: amsmath 2013/01/14 v2.14 AMS math features
\@mathmargin=\skip43

For additional information on amsmath, use the `?' option.
(/home/saul/texlive2015/texmf-dist/tex/latex/amsmath/amstext.sty
Package: amstext 2000/06/29 v2.01

(/home/saul/texlive2015/texmf-dist/tex/latex/amsmath/amsgen.sty
File: amsgen.sty 1999/11/30 v2.0
\@emptytoks=\toks14
\ex@=\dimen103
))
(/home/saul/texlive2015/texmf-dist/tex/latex/amsmath/amsbsy.sty
Package: amsbsy 1999/11/29 v1.2d
\pmbraise@=\dimen104
)
(/home/saul/texlive2015/texmf-dist/tex/latex/amsmath/amsopn.sty
Package: amsopn 1999/12/14 v2.01 operator names
)
\inf@bad=\count88
LaTeX Info: Redefining \frac on input line 210.
\uproot@=\count89
\leftroot@=\count90
LaTeX Info: Redefining \overline on input line 306.
\classnum@=\count91
\DOTSCASE@=\count92
LaTeX Info: Redefining \ldots on input line 378.
LaTeX Info: Redefining \dots on input line 381.
LaTeX Info: Redefining \cdots on input line 466.
\Mathstrutbox@=\box26
\strutbox@=\box27
\big@size=\dimen105
LaTeX Font Info:    Redeclaring font encoding OML on input line 566.
LaTeX Font Info:    Redeclaring font encoding OMS on input line 567.
\macc@depth=\count93
\c@MaxMatrixCols=\count94
\dotsspace@=\muskip10
\c@parentequation=\count95
\dspbrk@lvl=\count96
\tag@help=\toks15
\row@=\count97
\column@=\count98
\maxfields@=\count99
\andhelp@=\toks16
\eqnshift@=\dimen106
\alignsep@=\dimen107
\tagshift@=\dimen108
\tagwidth@=\dimen109
\totwidth@=\dimen110
\lineht@=\dimen111
\@envbody=\toks17
\multlinegap=\skip44
\multlinetaggap=\skip45
\mathdisplay@stack=\toks18
LaTeX Info: Redefining \[ on input line 2665.
LaTeX Info: Redefining \] on input line 2666.
)
(/home/saul/texlive2015/texmf-dist/tex/latex/amsfonts/amssymb.sty
Package: amssymb 2013/01/14 v3.01 AMS font symbols

(/home/saul/texlive2015/texmf-dist/tex/latex/amsfonts/amsfonts.sty
Package: amsfonts 2013/01/14 v3.01 Basic AMSFonts support
\symAMSa=\mathgroup4
\symAMSb=\mathgroup5
LaTeX Font Info:    Overwriting math alphabet `\mathfrak' in version `bold'
(Font)                  U/euf/m/n --> U/euf/b/n on input line 106.
))
(/home/saul/texlive2015/texmf-dist/tex/latex/amscls/amsthm.sty
Package: amsthm 2015/03/04 v2.20.2
\thm@style=\toks19
\thm@bodyfont=\toks20
\thm@headfont=\toks21
\thm@notefont=\toks22
\thm@headpunct=\toks23
\thm@preskip=\skip46
\thm@postskip=\skip47
\thm@headsep=\skip48
\dth@everypar=\toks24
)
(/home/saul/texlive2015/texmf-dist/tex/latex/graphics/graphicx.sty
Package: graphicx 2014/10/28 v1.0g Enhanced LaTeX Graphics (DPC,SPQR)

(/home/saul/texlive2015/texmf-dist/tex/latex/graphics/keyval.sty
Package: keyval 2014/10/28 v1.15 key=value parser (DPC)
\KV@toks@=\toks25
)
(/home/saul/texlive2015/texmf-dist/tex/latex/graphics/graphics.sty
Package: graphics 2014/10/28 v1.0p Standard LaTeX Graphics (DPC,SPQR)

(/home/saul/texlive2015/texmf-dist/tex/latex/graphics/trig.sty
Package: trig 1999/03/16 v1.09 sin cos tan (DPC)
)
(/home/saul/texlive2015/texmf-dist/tex/latex/latexconfig/graphics.cfg
File: graphics.cfg 2010/04/23 v1.9 graphics configuration of TeX Live
)
Package graphics Info: Driver file: pdftex.def on input line 94.

(/home/saul/texlive2015/texmf-dist/tex/latex/pdftex-def/pdftex.def
File: pdftex.def 2011/05/27 v0.06d Graphics/color for pdfTeX

(/home/saul/texlive2015/texmf-dist/tex/generic/oberdiek/infwarerr.sty
Package: infwarerr 2010/04/08 v1.3 Providing info/warning/error messages (HO)
)
(/home/saul/texlive2015/texmf-dist/tex/generic/oberdiek/ltxcmds.sty
Package: ltxcmds 2011/11/09 v1.22 LaTeX kernel commands for general use (HO)
)
\Gread@gobject=\count100
))
\Gin@req@height=\dimen112
\Gin@req@width=\dimen113
)
(/home/saul/texlive2015/texmf-dist/tex/latex/geometry/geometry.sty
Package: geometry 2010/09/12 v5.6 Page Geometry

(/home/saul/texlive2015/texmf-dist/tex/generic/oberdiek/ifpdf.sty
Package: ifpdf 2011/01/30 v2.3 Provides the ifpdf switch (HO)
Package ifpdf Info: pdfTeX in PDF mode is detected.
)
(/home/saul/texlive2015/texmf-dist/tex/generic/oberdiek/ifvtex.sty
Package: ifvtex 2010/03/01 v1.5 Detect VTeX and its facilities (HO)
Package ifvtex Info: VTeX not detected.
)
(/home/saul/texlive2015/texmf-dist/tex/generic/ifxetex/ifxetex.sty
Package: ifxetex 2010/09/12 v0.6 Provides ifxetex conditional
)
\Gm@cnth=\count101
\Gm@cntv=\count102
\c@Gm@tempcnt=\count103
\Gm@bindingoffset=\dimen114
\Gm@wd@mp=\dimen115
\Gm@odd@mp=\dimen116
\Gm@even@mp=\dimen117
\Gm@layoutwidth=\dimen118
\Gm@layoutheight=\dimen119
\Gm@layouthoffset=\dimen120
\Gm@layoutvoffset=\dimen121
\Gm@dimlist=\toks26
)
(/home/saul/texlive2015/texmf-dist/tex/latex/minitoc/minitoc.sty
Package: minitoc 2008/07/16 v60 Package minitoc (JPFD)

(/home/saul/texlive2015/texmf-dist/tex/latex/minitoc/mtcmess.sty
Package: mtcmess 2006/03/14
)
Package minitoc Info: I0001
(minitoc)             *** minitoc package, version 60 ***.
\tf@mtc=\write3
\mtcindent=\skip49
\mtcskipamount=\skip50
Package minitoc Info: I0005
(minitoc)             compatible with hyperref.
Package minitoc Info: I0023
(minitoc)             part level macros available.
Package minitoc Info: I0003
(minitoc)             chapter level macros available.
\mtc@toks=\toks27
\mtc@strutbox=\box28
\mtc@hstrutbox=\box29
Package minitoc Info: I0002
(minitoc)             Autoconfiguration of extensions.
\openout3 = `wxMaximaforCalculusI.mtc0'.

\openout3 = `wxMaximaforCalculusI.mtc'.


(./wxMaximaforCalculusI.mtc0)
Package minitoc Info: I0012
(minitoc)             Long extensions (Unix-like) will be used.
Package minitoc Info: I0031
(minitoc)             ==> this version is configured for UNIX-like 
(minitoc)                 (long extensions) file names.
\openout3 = `wxMaximaforCalculusI.mtc'.

\openout3 = `wxMaximaforCalculusI.mtc0'.

\c@mtc=\count104
\c@minitocdepth=\count105
\c@ptc=\count106
\c@parttocdepth=\count107
\ptcindent=\skip51
Package minitoc Info: I0010
(minitoc)             The english language is selected.
(minitoc)              on input line 4910.

(/home/saul/texlive2015/texmf-dist/tex/latex/minitoc/english.mld
File: english.mld 2006/01/13
)
(/home/saul/texlive2015/texmf-dist/tex/latex/minitoc/english.mld
File: english.mld 2006/01/13
))
(/home/saul/texlive2015/texmf-dist/tex/generic/babel/babel.sty
Package: babel 2014/09/25 3.9l The Babel package

(/home/saul/texlive2015/texmf-dist/tex/generic/babel-english/english.ldf
Language: english 2012/08/20 v3.3p English support from the babel system

(/home/saul/texlive2015/texmf-dist/tex/generic/babel/babel.def
File: babel.def 2014/09/25 3.9l Babel common definitions
\babel@savecnt=\count108
\U@D=\dimen122
)
\l@canadian = a dialect from \language\l@american 
\l@australian = a dialect from \language\l@british 
\l@newzealand = a dialect from \language\l@british 
))
(/home/saul/texlive2015/texmf-dist/tex/latex/fancyhdr/fancyhdr.sty
\fancy@headwidth=\skip52
\f@ncyO@elh=\skip53
\f@ncyO@erh=\skip54
\f@ncyO@olh=\skip55
\f@ncyO@orh=\skip56
\f@ncyO@elf=\skip57
\f@ncyO@erf=\skip58
\f@ncyO@olf=\skip59
\f@ncyO@orf=\skip60
)
\c@exmp=\count109

(/home/saul/texlive2015/texmf-dist/tex/latex/hyperref/hyperref.sty
Package: hyperref 2012/11/06 v6.83m Hypertext links for LaTeX

(/home/saul/texlive2015/texmf-dist/tex/generic/oberdiek/hobsub-hyperref.sty
Package: hobsub-hyperref 2012/05/28 v1.13 Bundle oberdiek, subset hyperref (HO)


(/home/saul/texlive2015/texmf-dist/tex/generic/oberdiek/hobsub-generic.sty
Package: hobsub-generic 2012/05/28 v1.13 Bundle oberdiek, subset generic (HO)
Package: hobsub 2012/05/28 v1.13 Construct package bundles (HO)
Package hobsub Info: Skipping package `infwarerr' (already loaded).
Package hobsub Info: Skipping package `ltxcmds' (already loaded).
Package: ifluatex 2010/03/01 v1.3 Provides the ifluatex switch (HO)
Package ifluatex Info: LuaTeX not detected.
Package hobsub Info: Skipping package `ifvtex' (already loaded).
Package: intcalc 2007/09/27 v1.1 Expandable calculations with integers (HO)
Package hobsub Info: Skipping package `ifpdf' (already loaded).
Package: etexcmds 2011/02/16 v1.5 Avoid name clashes with e-TeX commands (HO)
Package etexcmds Info: Could not find \expanded.
(etexcmds)             That can mean that you are not using pdfTeX 1.50 or
(etexcmds)             that some package has redefined \expanded.
(etexcmds)             In the latter case, load this package earlier.
Package: kvsetkeys 2012/04/25 v1.16 Key value parser (HO)
Package: kvdefinekeys 2011/04/07 v1.3 Define keys (HO)
Package: pdftexcmds 2011/11/29 v0.20 Utility functions of pdfTeX for LuaTeX (HO
)
Package pdftexcmds Info: LuaTeX not detected.
Package pdftexcmds Info: \pdf@primitive is available.
Package pdftexcmds Info: \pdf@ifprimitive is available.
Package pdftexcmds Info: \pdfdraftmode found.
Package: pdfescape 2011/11/25 v1.13 Implements pdfTeX's escape features (HO)
Package: bigintcalc 2012/04/08 v1.3 Expandable calculations on big integers (HO
)
Package: bitset 2011/01/30 v1.1 Handle bit-vector datatype (HO)
Package: uniquecounter 2011/01/30 v1.2 Provide unlimited unique counter (HO)
)
Package hobsub Info: Skipping package `hobsub' (already loaded).
Package: letltxmacro 2010/09/02 v1.4 Let assignment for LaTeX macros (HO)
Package: hopatch 2012/05/28 v1.2 Wrapper for package hooks (HO)
Package: xcolor-patch 2011/01/30 xcolor patch
Package: atveryend 2011/06/30 v1.8 Hooks at the very end of document (HO)
Package atveryend Info: \enddocument detected (standard20110627).
Package: atbegshi 2011/10/05 v1.16 At begin shipout hook (HO)
Package: refcount 2011/10/16 v3.4 Data extraction from label references (HO)
Package: hycolor 2011/01/30 v1.7 Color options for hyperref/bookmark (HO)
)
(/home/saul/texlive2015/texmf-dist/tex/latex/oberdiek/auxhook.sty
Package: auxhook 2011/03/04 v1.3 Hooks for auxiliary files (HO)
)
(/home/saul/texlive2015/texmf-dist/tex/latex/oberdiek/kvoptions.sty
Package: kvoptions 2011/06/30 v3.11 Key value format for package options (HO)
)
\@linkdim=\dimen123
\Hy@linkcounter=\count110
\Hy@pagecounter=\count111

(/home/saul/texlive2015/texmf-dist/tex/latex/hyperref/pd1enc.def
File: pd1enc.def 2012/11/06 v6.83m Hyperref: PDFDocEncoding definition (HO)
)
\Hy@SavedSpaceFactor=\count112

(/home/saul/texlive2015/texmf-dist/tex/latex/latexconfig/hyperref.cfg
File: hyperref.cfg 2002/06/06 v1.2 hyperref configuration of TeXLive
)
Package hyperref Info: Hyper figures OFF on input line 4443.
Package hyperref Info: Link nesting OFF on input line 4448.
Package hyperref Info: Hyper index ON on input line 4451.
Package hyperref Info: Plain pages OFF on input line 4458.
Package hyperref Info: Backreferencing OFF on input line 4463.
Package hyperref Info: Implicit mode ON; LaTeX internals redefined.
Package hyperref Info: Bookmarks ON on input line 4688.
\c@Hy@tempcnt=\count113

(/home/saul/texlive2015/texmf-dist/tex/latex/url/url.sty
\Urlmuskip=\muskip11
Package: url 2013/09/16  ver 3.4  Verb mode for urls, etc.
)
LaTeX Info: Redefining \url on input line 5041.
\XeTeXLinkMargin=\dimen124
\Fld@menulength=\count114
\Field@Width=\dimen125
\Fld@charsize=\dimen126
Package hyperref Info: Hyper figures OFF on input line 6295.
Package hyperref Info: Link nesting OFF on input line 6300.
Package hyperref Info: Hyper index ON on input line 6303.
Package hyperref Info: backreferencing OFF on input line 6310.
Package hyperref Info: Link coloring OFF on input line 6315.
Package hyperref Info: Link coloring with OCG OFF on input line 6320.
Package hyperref Info: PDF/A mode OFF on input line 6325.
LaTeX Info: Redefining \ref on input line 6365.
LaTeX Info: Redefining \pageref on input line 6369.
\Hy@abspage=\count115
\c@Item=\count116
\c@Hfootnote=\count117
)

Package hyperref Message: Driver (autodetected): hpdftex.

(/home/saul/texlive2015/texmf-dist/tex/latex/hyperref/hpdftex.def
File: hpdftex.def 2012/11/06 v6.83m Hyperref driver for pdfTeX
\Fld@listcount=\count118
\c@bookmark@seq@number=\count119

(/home/saul/texlive2015/texmf-dist/tex/latex/oberdiek/rerunfilecheck.sty
Package: rerunfilecheck 2011/04/15 v1.7 Rerun checks for auxiliary files (HO)
Package uniquecounter Info: New unique counter `rerunfilecheck' on input line 2
82.
)
\Hy@SectionHShift=\skip61
)
Package hyperref Info: Option `colorlinks' set `true' on input line 24.
Package hyperref Info: Option `linktocpage' set `true' on input line 24.


LaTeX Warning: Unused global option(s):
    [10.5pt].

(./wxMaximaforCalculusI.aux)
\openout1 = `wxMaximaforCalculusI.aux'.

LaTeX Font Info:    Checking defaults for OML/cmm/m/it on input line 31.
LaTeX Font Info:    ... okay on input line 31.
LaTeX Font Info:    Checking defaults for T1/cmr/m/n on input line 31.
LaTeX Font Info:    ... okay on input line 31.
LaTeX Font Info:    Checking defaults for OT1/cmr/m/n on input line 31.
LaTeX Font Info:    ... okay on input line 31.
LaTeX Font Info:    Checking defaults for OMS/cmsy/m/n on input line 31.
LaTeX Font Info:    ... okay on input line 31.
LaTeX Font Info:    Checking defaults for OMX/cmex/m/n on input line 31.
LaTeX Font Info:    ... okay on input line 31.
LaTeX Font Info:    Checking defaults for U/cmr/m/n on input line 31.
LaTeX Font Info:    ... okay on input line 31.
LaTeX Font Info:    Checking defaults for PD1/pdf/m/n on input line 31.
LaTeX Font Info:    ... okay on input line 31.

(/home/saul/texlive2015/texmf-dist/tex/context/base/supp-pdf.mkii
[Loading MPS to PDF converter (version 2006.09.02).]
\scratchcounter=\count120
\scratchdimen=\dimen127
\scratchbox=\box30
\nofMPsegments=\count121
\nofMParguments=\count122
\everyMPshowfont=\toks28
\MPscratchCnt=\count123
\MPscratchDim=\dimen128
\MPnumerator=\count124
\makeMPintoPDFobject=\count125
\everyMPtoPDFconversion=\toks29
) (/home/saul/texlive2015/texmf-dist/tex/latex/oberdiek/epstopdf-base.sty
Package: epstopdf-base 2010/02/09 v2.5 Base part for package epstopdf

(/home/saul/texlive2015/texmf-dist/tex/latex/oberdiek/grfext.sty
Package: grfext 2010/08/19 v1.1 Manage graphics extensions (HO)
)
Package grfext Info: Graphics extension search list:
(grfext)             [.png,.pdf,.jpg,.mps,.jpeg,.jbig2,.jb2,.PNG,.PDF,.JPG,.JPE
G,.JBIG2,.JB2,.eps]
(grfext)             \AppendGraphicsExtensions on input line 452.

(/home/saul/texlive2015/texmf-dist/tex/latex/latexconfig/epstopdf-sys.cfg
File: epstopdf-sys.cfg 2010/07/13 v1.3 Configuration of (r)epstopdf for TeX Liv
e
))
*geometry* driver: auto-detecting
*geometry* detected driver: pdftex
*geometry* verbose mode - [ preamble ] result:
* driver: pdftex
* paper: custom
* layout: <same size as paper>
* layoutoffset:(h,v)=(0.0pt,0.0pt)
* bindingoffset: 25.32292pt
* modes: twoside 
* h-part:(L,W,R)=(54.06006pt, 393.50212pt, 65.15662pt)
* v-part:(T,H,B)=(54.06006pt, 591.50482pt, 54.06006pt)
* \paperwidth=538.04172pt
* \paperheight=699.62494pt
* \textwidth=393.50212pt
* \textheight=591.50482pt
* \oddsidemargin=7.11299pt
* \evensidemargin=-7.11337pt
* \topmargin=-55.20993pt
* \headheight=12.0pt
* \headsep=25.0pt
* \topskip=10.0pt
* \footskip=30.0pt
* \marginparwidth=121.0pt
* \marginparsep=11.0pt
* \columnsep=10.0pt
* \skip\footins=9.0pt plus 4.0pt minus 2.0pt
* \hoffset=0.0pt
* \voffset=0.0pt
* \mag=1000
* \@twocolumnfalse
* \@twosidetrue
* \@mparswitchtrue
* \@reversemarginfalse
* (1in=72.27pt=25.4mm, 1cm=28.453pt)

Package minitoc(hints) Info: I0049
(minitoc(hints))             ==> You requested the hints option. 
(minitoc(hints))             Some hints are eventually given below.

Package minitoc(hints) Warning: W0030
(minitoc(hints))                --- The \part command is altered 
(minitoc(hints))                after minitoc.


Package minitoc(hints) Warning: W0023
(minitoc(hints))                --- It may be the consequence 
(minitoc(hints))                of loading the ``hyperref'' package.


Package minitoc(hints) Warning: W0028
(minitoc(hints))                --- The \chapter command is altered 
(minitoc(hints))                after minitoc.


Package minitoc(hints) Warning: W0023
(minitoc(hints))                --- It may be the consequence 
(minitoc(hints))                of loading the ``hyperref'' package.

\AtBeginShipoutBox=\box31
(/home/saul/texlive2015/texmf-dist/tex/latex/graphics/color.sty
Package: color 2014/10/28 v1.1a Standard LaTeX Color (DPC)

(/home/saul/texlive2015/texmf-dist/tex/latex/latexconfig/color.cfg
File: color.cfg 2007/01/18 v1.5 color configuration of teTeX/TeXLive
)
Package color Info: Driver file: pdftex.def on input line 142.
)
Package hyperref Info: Link coloring ON on input line 31.

(/home/saul/texlive2015/texmf-dist/tex/latex/hyperref/nameref.sty
Package: nameref 2012/10/27 v2.43 Cross-referencing by name of section

(/home/saul/texlive2015/texmf-dist/tex/generic/oberdiek/gettitlestring.sty
Package: gettitlestring 2010/12/03 v1.4 Cleanup title references (HO)
)
\c@section@level=\count126
)
LaTeX Info: Redefining \ref on input line 31.
LaTeX Info: Redefining \pageref on input line 31.
LaTeX Info: Redefining \nameref on input line 31.

(./wxMaximaforCalculusI.out) (./wxMaximaforCalculusI.out)
\@outlinefile=\write4
\openout4 = `wxMaximaforCalculusI.out'.

LaTeX Font Info:    Try loading font information for U+msa on input line 43.

(/home/saul/texlive2015/texmf-dist/tex/latex/amsfonts/umsa.fd
File: umsa.fd 2013/01/14 v3.01 AMS symbols A
)
LaTeX Font Info:    Try loading font information for U+msb on input line 43.

(/home/saul/texlive2015/texmf-dist/tex/latex/amsfonts/umsb.fd
File: umsb.fd 2013/01/14 v3.01 AMS symbols B
) [1

{/home/saul/texlive2015/texmf-var/fonts/map/pdftex/updmap/pdftex.map}]
Underfull \hbox (badness 10000) in paragraph at lines 48--50

 []

[1]
Package minitoc Info: I0024
(minitoc)             PREPARING MINITOCS FROM wxMaximaforCalculusI.toc on input
 line 62.
Package minitoc Info: I0033
(minitoc)             Writing wxMaximaforCalculusI.mtc1.
\openout3 = `wxMaximaforCalculusI.mtc1'.

Package minitoc Info: I0033
(minitoc)             Writing wxMaximaforCalculusI.mtc2.
\openout3 = `wxMaximaforCalculusI.mtc2'.

Package minitoc Info: I0033
(minitoc)             Writing wxMaximaforCalculusI.mtc3.
\openout3 = `wxMaximaforCalculusI.mtc3'.

Package minitoc Info: I0033
(minitoc)             Writing wxMaximaforCalculusI.mtc4.
\openout3 = `wxMaximaforCalculusI.mtc4'.

Package minitoc Info: I0033
(minitoc)             Writing wxMaximaforCalculusI.mtc5.
\openout3 = `wxMaximaforCalculusI.mtc5'.

Package minitoc Info: I0033
(minitoc)             Writing wxMaximaforCalculusI.mtc6.
\openout3 = `wxMaximaforCalculusI.mtc6'.

Package minitoc Info: I0033
(minitoc)             Writing wxMaximaforCalculusI.mtc7.
\openout3 = `wxMaximaforCalculusI.mtc7'.

Package minitoc Info: I0033
(minitoc)             Writing wxMaximaforCalculusI.mtc8.
\openout3 = `wxMaximaforCalculusI.mtc8'.

 (./wxMaximaforCalculusI.toc [3

])
\tf@toc=\write5
\openout5 = `wxMaximaforCalculusI.toc'.

 [4]
Underfull \hbox (badness 10000) in paragraph at lines 79--83

 []

[5

]
Underfull \hbox (badness 10000) in paragraph at lines 104--105

 []


Underfull \hbox (badness 10000) in paragraph at lines 112--114

 []


Underfull \hbox (badness 10000) in paragraph at lines 115--117

 []


Underfull \hbox (badness 10000) in paragraph at lines 118--119

 []


Underfull \hbox (badness 10000) in paragraph at lines 126--127

 []


Underfull \hbox (badness 10000) in paragraph at lines 128--129

 []

[6]
Underfull \hbox (badness 10000) in paragraph at lines 134--135

 []


Underfull \hbox (badness 10000) in paragraph at lines 136--139

 []


Underfull \hbox (badness 10000) in paragraph at lines 140--141

 []


Underfull \hbox (badness 10000) in paragraph at lines 145--146

 []


Underfull \hbox (badness 10000) in paragraph at lines 147--148

 []


Underfull \hbox (badness 10000) in paragraph at lines 149--152

 []


Underfull \hbox (badness 10000) in paragraph at lines 153--155

 []


Underfull \hbox (badness 10000) in paragraph at lines 156--157

 []

[7]
Module 0.
\openout3 = `wxMaximaforCalculusI.mtc'.

\openout3 = `wxMaximaforCalculusI.mtc'.

(./wxMaximaforCalculusI.mtc2)pdfTeX warning (ext4): destination with the same i
dentifier (name{page.1}) has been already used, duplicate ignored
<to be read again> 
                   \relax 
l.201 
       [1

] [2] [3] [4] [5] [6]
<images/example_0_3_1_1.png, id=460, 501.875pt x 301.125pt>
File: images/example_0_3_1_1.png Graphic file (type png)

<use images/example_0_3_1_1.png>
Package pdftex.def Info: images/example_0_3_1_1.png used on input line 550.
(pdftex.def)             Requested size: 216.81pt x 130.08772pt.
 [7 <./images/example_0_3_1_1.png (PNG copy)>]
<images/example_0_3_2_1.png, id=467, 501.875pt x 301.125pt>
File: images/example_0_3_2_1.png Graphic file (type png)

<use images/example_0_3_2_1.png>
Package pdftex.def Info: images/example_0_3_2_1.png used on input line 574.
(pdftex.def)             Requested size: 216.81pt x 130.08772pt.

<images/example_0_3_3_1.png, id=468, 602.25pt x 602.25pt>
File: images/example_0_3_3_1.png Graphic file (type png)

<use images/example_0_3_3_1.png>
Package pdftex.def Info: images/example_0_3_3_1.png used on input line 604.
(pdftex.def)             Requested size: 216.81pt x 216.80983pt.
 [8 <./images/example_0_3_2_1.png (PNG copy)>]
<images/example_0_3_4_1.png, id=475, 501.875pt x 301.125pt>
File: images/example_0_3_4_1.png Graphic file (type png)

<use images/example_0_3_4_1.png>
Package pdftex.def Info: images/example_0_3_4_1.png used on input line 624.
(pdftex.def)             Requested size: 216.81pt x 130.08772pt.
 [9 <./images/example_0_3_3_1.png (PNG copy)> <./images/example_0_3_4_1.png (PN
G copy)>] [10]
<images/example_0_4_2_1.png, id=487, 501.875pt x 301.125pt>
File: images/example_0_4_2_1.png Graphic file (type png)

<use images/example_0_4_2_1.png>
Package pdftex.def Info: images/example_0_4_2_1.png used on input line 700.
(pdftex.def)             Requested size: 216.81pt x 130.08772pt.

<images/example_0_4_3_1.png, id=488, 501.875pt x 301.125pt>
File: images/example_0_4_3_1.png Graphic file (type png)

<use images/example_0_4_3_1.png>
Package pdftex.def Info: images/example_0_4_3_1.png used on input line 736.
(pdftex.def)             Requested size: 216.81pt x 130.08772pt.
 [11 <./images/example_0_4_2_1.png (PNG copy)>] [12 <./images/example_0_4_3_1.p
ng (PNG copy)>]
<images/example_0_5_2_1.png, id=500, 501.875pt x 301.125pt>
File: images/example_0_5_2_1.png Graphic file (type png)

<use images/example_0_5_2_1.png>
Package pdftex.def Info: images/example_0_5_2_1.png used on input line 800.
(pdftex.def)             Requested size: 216.81pt x 130.08772pt.
 [13] [14 <./images/example_0_5_2_1.png (PNG copy)>] [15] [16] <images/example_
0_6_1_1.png, id=523, 501.875pt x 301.125pt>
File: images/example_0_6_1_1.png Graphic file (type png)

<use images/example_0_6_1_1.png>
Package pdftex.def Info: images/example_0_6_1_1.png used on input line 976.
(pdftex.def)             Requested size: 216.81pt x 130.08772pt.
 [17] [18 <./images/example_0_6_1_1.png (PNG copy)>] [19]
Module 1.
\openout3 = `wxMaximaforCalculusI.mtc'.

\openout3 = `wxMaximaforCalculusI.mtc'.

(./wxMaximaforCalculusI.mtc3) [20

]
<images/example_1_1_1.png, id=566, 501.875pt x 301.125pt>
File: images/example_1_1_1.png Graphic file (type png)

<use images/example_1_1_1.png>
Package pdftex.def Info: images/example_1_1_1.png used on input line 1080.
(pdftex.def)             Requested size: 216.81pt x 130.08772pt.
 [21 <./images/example_1_1_1.png (PNG copy)>]
<images/example_1_1_2_1.png, id=572, 501.875pt x 301.125pt>
File: images/example_1_1_2_1.png Graphic file (type png)

<use images/example_1_1_2_1.png>
Package pdftex.def Info: images/example_1_1_2_1.png used on input line 1132.
(pdftex.def)             Requested size: 216.81pt x 130.08772pt.
 [22 <./images/example_1_1_2_1.png (PNG copy)>] <images/example_1_1_2_2.png, id
=578, 501.875pt x 301.125pt>
File: images/example_1_1_2_2.png Graphic file (type png)

<use images/example_1_1_2_2.png>
Package pdftex.def Info: images/example_1_1_2_2.png used on input line 1194.
(pdftex.def)             Requested size: 216.81pt x 130.08772pt.
 [23] [24 <./images/example_1_1_2_2.png (PNG copy)>] <images/example_1_2_1.png,
 id=588, 501.875pt x 301.125pt>
File: images/example_1_2_1.png Graphic file (type png)

<use images/example_1_2_1.png>
Package pdftex.def Info: images/example_1_2_1.png used on input line 1235.
(pdftex.def)             Requested size: 216.81pt x 130.08772pt.
 [25 <./images/example_1_2_1.png (PNG copy)>]
<images/example_1_2_2_1.png, id=595, 501.875pt x 301.125pt>
File: images/example_1_2_2_1.png Graphic file (type png)

<use images/example_1_2_2_1.png>
Package pdftex.def Info: images/example_1_2_2_1.png used on input line 1278.
(pdftex.def)             Requested size: 216.81pt x 130.08772pt.
 [26 <./images/example_1_2_2_1.png (PNG copy)>] <images/example_1_2_2_2.png, id
=601, 501.875pt x 301.125pt>
File: images/example_1_2_2_2.png Graphic file (type png)

<use images/example_1_2_2_2.png>
Package pdftex.def Info: images/example_1_2_2_2.png used on input line 1307.
(pdftex.def)             Requested size: 216.81pt x 130.08772pt.
 [27 <./images/example_1_2_2_2.png (PNG copy)>] <images/example_1_2_3.png, id=6
07, 501.875pt x 301.125pt>
File: images/example_1_2_3.png Graphic file (type png)

<use images/example_1_2_3.png>
Package pdftex.def Info: images/example_1_2_3.png used on input line 1353.
(pdftex.def)             Requested size: 216.81pt x 130.08772pt.

<images/example_1_2_4.png, id=608, 501.875pt x 301.125pt>
File: images/example_1_2_4.png Graphic file (type png)

<use images/example_1_2_4.png>
Package pdftex.def Info: images/example_1_2_4.png used on input line 1391.
(pdftex.def)             Requested size: 216.81pt x 130.08772pt.
 [28 <./images/example_1_2_3.png (PNG copy)>]
<images/example_1_2_5.png, id=614, 501.875pt x 301.125pt>
File: images/example_1_2_5.png Graphic file (type png)

<use images/example_1_2_5.png>
Package pdftex.def Info: images/example_1_2_5.png used on input line 1428.
(pdftex.def)             Requested size: 216.81pt x 130.08772pt.
 [29 <./images/example_1_2_4.png (PNG copy)> <./images/example_1_2_5.png (PNG c
opy)>]
<images/example_1_2_6.png, id=620, 501.875pt x 301.125pt>
File: images/example_1_2_6.png Graphic file (type png)

<use images/example_1_2_6.png>
Package pdftex.def Info: images/example_1_2_6.png used on input line 1464.
(pdftex.def)             Requested size: 216.81pt x 130.08772pt.
 [30 <./images/example_1_2_6.png (PNG copy)>]
<images/example_1_3_1.png, id=627, 501.875pt x 301.125pt>
File: images/example_1_3_1.png Graphic file (type png)

<use images/example_1_3_1.png>
Package pdftex.def Info: images/example_1_3_1.png used on input line 1511.
(pdftex.def)             Requested size: 216.81pt x 130.08772pt.
 [31 <./images/example_1_3_1.png (PNG copy)>]
<images/example_1_3_2.png, id=633, 501.875pt x 301.125pt>
File: images/example_1_3_2.png Graphic file (type png)

<use images/example_1_3_2.png>
Package pdftex.def Info: images/example_1_3_2.png used on input line 1546.
(pdftex.def)             Requested size: 216.81pt x 130.08772pt.
 [32 <./images/example_1_3_2.png (PNG copy)>]
[33] <images/example_1_4_1.png, id=644, 501.875pt x 301.125pt>
File: images/example_1_4_1.png Graphic file (type png)

<use images/example_1_4_1.png>
Package pdftex.def Info: images/example_1_4_1.png used on input line 1622.
(pdftex.def)             Requested size: 216.81pt x 130.08772pt.

<images/example_1_4_2_1.png, id=645, 501.875pt x 301.125pt>
File: images/example_1_4_2_1.png Graphic file (type png)

<use images/example_1_4_2_1.png>
Package pdftex.def Info: images/example_1_4_2_1.png used on input line 1654.
(pdftex.def)             Requested size: 216.81pt x 130.08772pt.
 [34 <./images/example_1_4_1.png (PNG copy)>]
<images/example_1_4_2_2.png, id=651, 501.875pt x 301.125pt>
File: images/example_1_4_2_2.png Graphic file (type png)

<use images/example_1_4_2_2.png>
Package pdftex.def Info: images/example_1_4_2_2.png used on input line 1673.
(pdftex.def)             Requested size: 216.81pt x 130.08772pt.
 [35 <./images/example_1_4_2_1.png (PNG copy)> <./images/example_1_4_2_2.png (P
NG copy)>]
<images/example_2_1_1.png, id=656, 501.875pt x 301.125pt>
File: images/example_2_1_1.png Graphic file (type png)

<use images/example_2_1_1.png>
Package pdftex.def Info: images/example_2_1_1.png used on input line 1718.
(pdftex.def)             Requested size: 216.81pt x 130.08772pt.
 [36 <./images/example_2_1_1.png (PNG copy)>]
<images/example_2_1_2.png, id=663, 501.875pt x 301.125pt>
File: images/example_2_1_2.png Graphic file (type png)

<use images/example_2_1_2.png>
Package pdftex.def Info: images/example_2_1_2.png used on input line 1752.
(pdftex.def)             Requested size: 216.81pt x 130.08772pt.
 [37 <./images/example_2_1_2.png (PNG copy)>]
<images/example_2_2_1.png, id=669, 501.875pt x 301.125pt>
File: images/example_2_2_1.png Graphic file (type png)

<use images/example_2_2_1.png>
Package pdftex.def Info: images/example_2_2_1.png used on input line 1808.
(pdftex.def)             Requested size: 216.81pt x 130.08772pt.
 [38]
<images/example_2_2_2.png, id=675, 501.875pt x 301.125pt>
File: images/example_2_2_2.png Graphic file (type png)

<use images/example_2_2_2.png>
Package pdftex.def Info: images/example_2_2_2.png used on input line 1845.
(pdftex.def)             Requested size: 216.81pt x 130.08772pt.
 [39 <./images/example_2_2_1.png (PNG copy)>]
<images/example_2_2_3_1.png, id=681, 501.875pt x 301.125pt>
File: images/example_2_2_3_1.png Graphic file (type png)

<use images/example_2_2_3_1.png>
Package pdftex.def Info: images/example_2_2_3_1.png used on input line 1882.
(pdftex.def)             Requested size: 216.81pt x 130.08772pt.
 [40 <./images/example_2_2_2.png (PNG copy)>]
<images/example_2_2_3_2.png, id=687, 501.875pt x 301.125pt>
File: images/example_2_2_3_2.png Graphic file (type png)

<use images/example_2_2_3_2.png>
Package pdftex.def Info: images/example_2_2_3_2.png used on input line 1910.
(pdftex.def)             Requested size: 216.81pt x 130.08772pt.
 [41 <./images/example_2_2_3_1.png (PNG copy)>] [42 <./images/example_2_2_3_2.p
ng (PNG copy)>] [43] [44]
<images/example_2_4_1_1.png, id=707, 501.875pt x 301.125pt>
File: images/example_2_4_1_1.png Graphic file (type png)

<use images/example_2_4_1_1.png>
Package pdftex.def Info: images/example_2_4_1_1.png used on input line 2027.
(pdftex.def)             Requested size: 216.81pt x 130.08772pt.
 [45]
Overfull \hbox (5.4944pt too wide) in paragraph at lines 2035--2035
[]\OT1/cmtt/m/n/10 (%o4) [x=((sqrt(3)*%i-1)*y^(1/3))/2,x=-((sqrt(3)*%i+1)*y^(1/
3))/2,x=y^(1/3)][] 
 []

<images/example_2_4_1_2.png, id=713, 602.25pt x 602.25pt>
File: images/example_2_4_1_2.png Graphic file (type png)

<use images/example_2_4_1_2.png>
Package pdftex.def Info: images/example_2_4_1_2.png used on input line 2070.
(pdftex.def)             Requested size: 216.81pt x 216.80983pt.
 [46 <./images/example_2_4_1_1.png (PNG copy)>] <images/example_2_4_2_1.png, id
=718, 501.875pt x 301.125pt>
File: images/example_2_4_2_1.png Graphic file (type png)

<use images/example_2_4_2_1.png>
Package pdftex.def Info: images/example_2_4_2_1.png used on input line 2101.
(pdftex.def)             Requested size: 216.81pt x 130.08772pt.
 [47 <./images/example_2_4_1_2.png (PNG copy)>] <images/example_2_4_2_2.png, id
=724, 501.875pt x 301.125pt>
File: images/example_2_4_2_2.png Graphic file (type png)

<use images/example_2_4_2_2.png>
Package pdftex.def Info: images/example_2_4_2_2.png used on input line 2116.
(pdftex.def)             Requested size: 216.81pt x 130.08772pt.
 [48 <./images/example_2_4_2_1.png (PNG copy)> <./images/example_2_4_2_2.png (P
NG copy)>]
<images/example_2_4_2_3.png, id=730, 602.25pt x 602.25pt>
File: images/example_2_4_2_3.png Graphic file (type png)

<use images/example_2_4_2_3.png>
Package pdftex.def Info: images/example_2_4_2_3.png used on input line 2149.
(pdftex.def)             Requested size: 216.81pt x 216.80983pt.
 [49 <./images/example_2_4_2_3.png (PNG copy)>] <images/example_2_4_3.png, id=7
37, 501.875pt x 301.125pt>
File: images/example_2_4_3.png Graphic file (type png)

<use images/example_2_4_3.png>
Package pdftex.def Info: images/example_2_4_3.png used on input line 2189.
(pdftex.def)             Requested size: 216.81pt x 130.08772pt.
 [50 <./images/example_2_4_3.png (PNG copy)>]
[51] [52]
Module 2.
\openout3 = `wxMaximaforCalculusI.mtc'.

\openout3 = `wxMaximaforCalculusI.mtc'.

(./wxMaximaforCalculusI.mtc4) [53

] [54] [55]
<images/example_3_1_1.png, id=787, 501.875pt x 301.125pt>
File: images/example_3_1_1.png Graphic file (type png)

<use images/example_3_1_1.png>
Package pdftex.def Info: images/example_3_1_1.png used on input line 2445.
(pdftex.def)             Requested size: 216.81pt x 130.08772pt.
 [56 <./images/example_3_1_1.png (PNG copy)>]
[57] <images/example_3_1_2_1.png, id=797, 501.875pt x 301.125pt>
File: images/example_3_1_2_1.png Graphic file (type png)

<use images/example_3_1_2_1.png>
Package pdftex.def Info: images/example_3_1_2_1.png used on input line 2537.
(pdftex.def)             Requested size: 216.81pt x 130.08772pt.
 [58 <./images/example_3_1_2_1.png (PNG copy)>] <images/example_3_1_2_2.png, id
=802, 501.875pt x 301.125pt>
File: images/example_3_1_2_2.png Graphic file (type png)

<use images/example_3_1_2_2.png>
Package pdftex.def Info: images/example_3_1_2_2.png used on input line 2554.
(pdftex.def)             Requested size: 216.81pt x 130.08772pt.
 [59 <./images/example_3_1_2_2.png (PNG copy)>] <images/example_3_2_1.png, id=8
07, 501.875pt x 301.125pt>
File: images/example_3_2_1.png Graphic file (type png)

<use images/example_3_2_1.png>
Package pdftex.def Info: images/example_3_2_1.png used on input line 2615.
(pdftex.def)             Requested size: 216.81pt x 130.08772pt.
 [60]
<images/example_3_2_2.png, id=814, 501.875pt x 301.125pt>
File: images/example_3_2_2.png Graphic file (type png)

<use images/example_3_2_2.png>
Package pdftex.def Info: images/example_3_2_2.png used on input line 2648.
(pdftex.def)             Requested size: 216.81pt x 130.08772pt.
 [61 <./images/example_3_2_1.png (PNG copy)> <./images/example_3_2_2.png (PNG c
opy)>]
<images/example_3_2_3_1.png, id=820, 501.875pt x 301.125pt>
File: images/example_3_2_3_1.png Graphic file (type png)

<use images/example_3_2_3_1.png>
Package pdftex.def Info: images/example_3_2_3_1.png used on input line 2691.
(pdftex.def)             Requested size: 216.81pt x 130.08772pt.
 [62 <./images/example_3_2_3_1.png (PNG copy)>] <images/example_3_2_3_2.png, id
=826, 501.875pt x 301.125pt>
File: images/example_3_2_3_2.png Graphic file (type png)

<use images/example_3_2_3_2.png>
Package pdftex.def Info: images/example_3_2_3_2.png used on input line 2726.
(pdftex.def)             Requested size: 216.81pt x 130.08772pt.
 [63 <./images/example_3_2_3_2.png (PNG copy)>] <images/example_3_2_4.png, id=8
32, 501.875pt x 301.125pt>
File: images/example_3_2_4.png Graphic file (type png)

<use images/example_3_2_4.png>
Package pdftex.def Info: images/example_3_2_4.png used on input line 2767.
(pdftex.def)             Requested size: 216.81pt x 130.08772pt.
 [64 <./images/example_3_2_4.png (PNG copy)>]
[65] <images/example_3_3_1_1.png, id=842, 501.875pt x 301.125pt>
File: images/example_3_3_1_1.png Graphic file (type png)

<use images/example_3_3_1_1.png>
Package pdftex.def Info: images/example_3_3_1_1.png used on input line 2836.
(pdftex.def)             Requested size: 216.81pt x 130.08772pt.
 [66 <./images/example_3_3_1_1.png (PNG copy)>] <images/example_3_3_1_2.png, id
=848, 501.875pt x 301.125pt>
File: images/example_3_3_1_2.png Graphic file (type png)

<use images/example_3_3_1_2.png>
Package pdftex.def Info: images/example_3_3_1_2.png used on input line 2874.
(pdftex.def)             Requested size: 216.81pt x 130.08772pt.

<images/example_3_3_2_1.png, id=849, 501.875pt x 301.125pt>
File: images/example_3_3_2_1.png Graphic file (type png)

<use images/example_3_3_2_1.png>
Package pdftex.def Info: images/example_3_3_2_1.png used on input line 2915.
(pdftex.def)             Requested size: 216.81pt x 130.08772pt.
 [67 <./images/example_3_3_1_2.png (PNG copy)>] <images/example_3_3_2_2.png, id
=855, 501.875pt x 301.125pt>
File: images/example_3_3_2_2.png Graphic file (type png)

<use images/example_3_3_2_2.png>
Package pdftex.def Info: images/example_3_3_2_2.png used on input line 2933.
(pdftex.def)             Requested size: 216.81pt x 130.08772pt.
 [68 <./images/example_3_3_2_1.png (PNG copy)> <./images/example_3_3_2_2.png (P
NG copy)>] [69]
Module 3.
\openout3 = `wxMaximaforCalculusI.mtc'.

\openout3 = `wxMaximaforCalculusI.mtc'.

(./wxMaximaforCalculusI.mtc5) [70

]
<images/example_4_1_1.png, id=891, 501.875pt x 301.125pt>
File: images/example_4_1_1.png Graphic file (type png)

<use images/example_4_1_1.png>
Package pdftex.def Info: images/example_4_1_1.png used on input line 3042.
(pdftex.def)             Requested size: 216.81pt x 130.08772pt.
 [71 <./images/example_4_1_1.png (PNG copy)>]
<images/example_4_1_2.png, id=898, 602.25pt x 602.25pt>
File: images/example_4_1_2.png Graphic file (type png)

<use images/example_4_1_2.png>
Package pdftex.def Info: images/example_4_1_2.png used on input line 3103.
(pdftex.def)             Requested size: 216.81pt x 216.80983pt.
 [72] [73 <./images/example_4_1_2.png (PNG copy)>] <images/example_4_1_3.png, i
d=909, 501.875pt x 301.125pt>
File: images/example_4_1_3.png Graphic file (type png)

<use images/example_4_1_3.png>
Package pdftex.def Info: images/example_4_1_3.png used on input line 3156.
(pdftex.def)             Requested size: 216.81pt x 130.08772pt.
 [74 <./images/example_4_1_3.png (PNG copy)>]
<images/example_4_2_1.png, id=915, 501.875pt x 301.125pt>
File: images/example_4_2_1.png Graphic file (type png)

<use images/example_4_2_1.png>
Package pdftex.def Info: images/example_4_2_1.png used on input line 3234.
(pdftex.def)             Requested size: 216.81pt x 130.08772pt.
 [75 <./images/example_4_2_1.png (PNG copy)>]
<images/example_4_2_2.png, id=921, 602.25pt x 602.25pt>
File: images/example_4_2_2.png Graphic file (type png)

<use images/example_4_2_2.png>
Package pdftex.def Info: images/example_4_2_2.png used on input line 3267.
(pdftex.def)             Requested size: 216.81pt x 216.80983pt.
 [76 <./images/example_4_2_2.png (PNG copy)>]
[77] [78] [79] [80] [81] [82]
<images/example_4_3_4.png, id=959, 602.25pt x 602.25pt>
File: images/example_4_3_4.png Graphic file (type png)

<use images/example_4_3_4.png>
Package pdftex.def Info: images/example_4_3_4.png used on input line 3576.
(pdftex.def)             Requested size: 216.81pt x 216.80983pt.
 [83 <./images/example_4_3_4.png (PNG copy)>]
[84] [85]
Module 4.
\openout3 = `wxMaximaforCalculusI.mtc'.

\openout3 = `wxMaximaforCalculusI.mtc'.

(./wxMaximaforCalculusI.mtc6) [86

]
<images/example_5_1_1_1.png, id=1000, 501.875pt x 301.125pt>
File: images/example_5_1_1_1.png Graphic file (type png)

<use images/example_5_1_1_1.png>
Package pdftex.def Info: images/example_5_1_1_1.png used on input line 3724.
(pdftex.def)             Requested size: 216.81pt x 130.08772pt.
 [87]
<images/example_5_1_1_2.png, id=1006, 501.875pt x 301.125pt>
File: images/example_5_1_1_2.png Graphic file (type png)

<use images/example_5_1_1_2.png>
Package pdftex.def Info: images/example_5_1_1_2.png used on input line 3752.
(pdftex.def)             Requested size: 216.81pt x 130.08772pt.
 [88 <./images/example_5_1_1_1.png (PNG copy)>] <images/example_5_1_2_1.png, id
=1011, 501.875pt x 301.125pt>
File: images/example_5_1_2_1.png Graphic file (type png)

<use images/example_5_1_2_1.png>
Package pdftex.def Info: images/example_5_1_2_1.png used on input line 3786.
(pdftex.def)             Requested size: 216.81pt x 130.08772pt.
 [89 <./images/example_5_1_1_2.png (PNG copy)> <./images/example_5_1_2_1.png (P
NG copy)>]
<images/example_5_1_2_2.png, id=1017, 501.875pt x 301.125pt>
File: images/example_5_1_2_2.png Graphic file (type png)

<use images/example_5_1_2_2.png>
Package pdftex.def Info: images/example_5_1_2_2.png used on input line 3833.
(pdftex.def)             Requested size: 216.81pt x 130.08772pt.
 [90] [91 <./images/example_5_1_2_2.png (PNG copy)>] [92] <images/example_5_2_1
.png, id=1032, 501.875pt x 301.125pt>
File: images/example_5_2_1.png Graphic file (type png)

<use images/example_5_2_1.png>
Package pdftex.def Info: images/example_5_2_1.png used on input line 3895.
(pdftex.def)             Requested size: 216.81pt x 130.08772pt.
 [93 <./images/example_5_2_1.png (PNG copy)>]
<images/example_5_3_1.png, id=1037, 501.875pt x 301.125pt>
File: images/example_5_3_1.png Graphic file (type png)

<use images/example_5_3_1.png>
Package pdftex.def Info: images/example_5_3_1.png used on input line 3937.
(pdftex.def)             Requested size: 216.81pt x 130.08772pt.
 [94 <./images/example_5_3_1.png (PNG copy)>]
<images/example_5_3_2_1.png, id=1043, 501.875pt x 301.125pt>
File: images/example_5_3_2_1.png Graphic file (type png)

<use images/example_5_3_2_1.png>
Package pdftex.def Info: images/example_5_3_2_1.png used on input line 3979.
(pdftex.def)             Requested size: 216.81pt x 130.08772pt.
 [95 <./images/example_5_3_2_1.png (PNG copy)>] <images/example_5_3_2_2.png, id
=1049, 501.875pt x 301.125pt>
File: images/example_5_3_2_2.png Graphic file (type png)

<use images/example_5_3_2_2.png>
Package pdftex.def Info: images/example_5_3_2_2.png used on input line 4010.
(pdftex.def)             Requested size: 216.81pt x 130.08772pt.
 [96 <./images/example_5_3_2_2.png (PNG copy)>] <images/example_5_4_1_1.png, id
=1055, 501.875pt x 301.125pt>
File: images/example_5_4_1_1.png Graphic file (type png)

<use images/example_5_4_1_1.png>
Package pdftex.def Info: images/example_5_4_1_1.png used on input line 4044.
(pdftex.def)             Requested size: 216.81pt x 130.08772pt.
 [97 <./images/example_5_4_1_1.png (PNG copy)>] <images/example_5_4_1_2.png, id
=1061, 501.875pt x 301.125pt>
File: images/example_5_4_1_2.png Graphic file (type png)

<use images/example_5_4_1_2.png>
Package pdftex.def Info: images/example_5_4_1_2.png used on input line 4086.
(pdftex.def)             Requested size: 216.81pt x 130.08772pt.
 [98 <./images/example_5_4_1_2.png (PNG copy)>] <images/example_5_4_1_3.png, id
=1066, 501.875pt x 301.125pt>
File: images/example_5_4_1_3.png Graphic file (type png)

<use images/example_5_4_1_3.png>
Package pdftex.def Info: images/example_5_4_1_3.png used on input line 4119.
(pdftex.def)             Requested size: 216.81pt x 130.08772pt.
 [99 <./images/example_5_4_1_3.png (PNG copy)>] <images/example_5_4_2_1.png, id
=1071, 501.875pt x 301.125pt>
File: images/example_5_4_2_1.png Graphic file (type png)

<use images/example_5_4_2_1.png>
Package pdftex.def Info: images/example_5_4_2_1.png used on input line 4182.
(pdftex.def)             Requested size: 216.81pt x 130.08772pt.
 [100 <./images/example_5_4_2_1.png (PNG copy)>] [101] [102] [103] [104] [105]
Module 5.
\openout3 = `wxMaximaforCalculusI.mtc'.

\openout3 = `wxMaximaforCalculusI.mtc'.

(./wxMaximaforCalculusI.mtc7) [106

]
Overfull \hbox (6.75368pt too wide) in paragraph at lines 4402--4402
[]  
 []

[107] <images/example_6_1_1_1.png, id=1132, 501.875pt x 301.125pt>
File: images/example_6_1_1_1.png Graphic file (type png)

<use images/example_6_1_1_1.png>
Package pdftex.def Info: images/example_6_1_1_1.png used on input line 4440.
(pdftex.def)             Requested size: 216.81pt x 130.08772pt.
 [108 <./images/example_6_1_1_1.png (PNG copy)>] <images/example_6_1_1_2.png, i
d=1138, 501.875pt x 301.125pt>
File: images/example_6_1_1_2.png Graphic file (type png)

<use images/example_6_1_1_2.png>
Package pdftex.def Info: images/example_6_1_1_2.png used on input line 4467.
(pdftex.def)             Requested size: 216.81pt x 130.08772pt.

Overfull \hbox (0.24445pt too wide) in paragraph at lines 4501--4501
[]\OT1/cmtt/m/n/10 (%i13) RECTANGLES:makelist(rectangle([x(i-1),0],[x(i),f(xmid
(i))]),i,1,20)$[] 
 []

<images/example_6_1_2_1.png, id=1139, 501.875pt x 301.125pt>
File: images/example_6_1_2_1.png Graphic file (type png)

<use images/example_6_1_2_1.png>
Package pdftex.def Info: images/example_6_1_2_1.png used on input line 4503.
(pdftex.def)             Requested size: 216.81pt x 130.08772pt.
 [109 <./images/example_6_1_1_2.png (PNG copy)>] [110 <./images/example_6_1_2_1
.png (PNG copy)>] [111] [112] [113]
<images/example_6_2_2_1.png, id=1163, 501.875pt x 301.125pt>
File: images/example_6_2_2_1.png Graphic file (type png)

<use images/example_6_2_2_1.png>
Package pdftex.def Info: images/example_6_2_2_1.png used on input line 4651.
(pdftex.def)             Requested size: 216.81pt x 130.08772pt.
 [114 <./images/example_6_2_2_1.png (PNG copy)>] <images/example_6_3_2_1.png, i
d=1169, 501.875pt x 301.125pt>
File: images/example_6_3_2_1.png Graphic file (type png)

<use images/example_6_3_2_1.png>
Package pdftex.def Info: images/example_6_3_2_1.png used on input line 4698.
(pdftex.def)             Requested size: 216.81pt x 130.08772pt.
 [115 <./images/example_6_3_2_1.png (PNG copy)>] <images/example_6_3_2_2.png, i
d=1176, 501.875pt x 301.125pt>
File: images/example_6_3_2_2.png Graphic file (type png)

<use images/example_6_3_2_2.png>
Package pdftex.def Info: images/example_6_3_2_2.png used on input line 4745.
(pdftex.def)             Requested size: 216.81pt x 130.08772pt.
 [116 <./images/example_6_3_2_2.png (PNG copy)>] <images/example_6_3_3_1.png, i
d=1182, 501.875pt x 301.125pt>
File: images/example_6_3_3_1.png Graphic file (type png)

<use images/example_6_3_3_1.png>
Package pdftex.def Info: images/example_6_3_3_1.png used on input line 4792.
(pdftex.def)             Requested size: 195.12877pt x 117.07988pt.

<images/example_6_3_3_2.png, id=1183, 501.875pt x 301.125pt>
File: images/example_6_3_3_2.png Graphic file (type png)

<use images/example_6_3_3_2.png>
Package pdftex.def Info: images/example_6_3_3_2.png used on input line 4793.
(pdftex.def)             Requested size: 195.12877pt x 117.07988pt.
 [117 <./images/example_6_3_3_1.png (PNG copy)> <./images/example_6_3_3_2.png (
PNG copy)>] [118] [119]
<images/example_6_4_1_1.png, id=1198, 501.875pt x 301.125pt>
File: images/example_6_4_1_1.png Graphic file (type png)

<use images/example_6_4_1_1.png>
Package pdftex.def Info: images/example_6_4_1_1.png used on input line 4904.
(pdftex.def)             Requested size: 216.81pt x 130.08772pt.
 [120 <./images/example_6_4_1_1.png (PNG copy)>] <images/example_6_4_2_1.png, i
d=1205, 501.875pt x 301.125pt>
File: images/example_6_4_2_1.png Graphic file (type png)

<use images/example_6_4_2_1.png>
Package pdftex.def Info: images/example_6_4_2_1.png used on input line 4949.
(pdftex.def)             Requested size: 216.81pt x 130.08772pt.
 [121 <./images/example_6_4_2_1.png (PNG copy)>] [122] [123]
Module 6.
\openout3 = `wxMaximaforCalculusI.mtc'.

\openout3 = `wxMaximaforCalculusI.mtc'.

(./wxMaximaforCalculusI.mtc8) [124

]
<images/example_7_1_1.png, id=1245, 501.875pt x 301.125pt>
File: images/example_7_1_1.png Graphic file (type png)

<use images/example_7_1_1.png>
Package pdftex.def Info: images/example_7_1_1.png used on input line 5102.
(pdftex.def)             Requested size: 216.81pt x 130.08772pt.
 [125] [126 <./images/example_7_1_1.png (PNG copy)>] <images/example_7_1_4.png,
 id=1259, 501.875pt x 301.125pt>
File: images/example_7_1_4.png Graphic file (type png)

<use images/example_7_1_4.png>
Package pdftex.def Info: images/example_7_1_4.png used on input line 5188.
(pdftex.def)             Requested size: 216.81pt x 130.08772pt.
 [127 <./images/example_7_1_4.png (PNG copy)>]
[128] <images/example_7_2_1_1.png, id=1269, 501.875pt x 301.125pt>
File: images/example_7_2_1_1.png Graphic file (type png)

<use images/example_7_2_1_1.png>
Package pdftex.def Info: images/example_7_2_1_1.png used on input line 5258.
(pdftex.def)             Requested size: 195.12877pt x 117.07988pt.

<images/example_7_2_1_2.png, id=1270, 501.875pt x 301.125pt>
File: images/example_7_2_1_2.png Graphic file (type png)

<use images/example_7_2_1_2.png>
Package pdftex.def Info: images/example_7_2_1_2.png used on input line 5259.
(pdftex.def)             Requested size: 195.12877pt x 117.07988pt.
 [129 <./images/example_7_2_1_1.png (PNG copy)> <./images/example_7_2_1_2.png (
PNG copy)>] [130] [131] [132] [133]
<images/figure_7_3_1_1_1.png, id=1303, 501.875pt x 301.125pt>
File: images/figure_7_3_1_1_1.png Graphic file (type png)

<use images/figure_7_3_1_1_1.png>
Package pdftex.def Info: images/figure_7_3_1_1_1.png used on input line 5510.
(pdftex.def)             Requested size: 216.81pt x 130.08772pt.

<images/example_7_3_1_1_1.png, id=1304, 501.875pt x 301.125pt>
File: images/example_7_3_1_1_1.png Graphic file (type png)

<use images/example_7_3_1_1_1.png>
Package pdftex.def Info: images/example_7_3_1_1_1.png used on input line 5538.
(pdftex.def)             Requested size: 216.81pt x 130.08772pt.
 [134 <./images/figure_7_3_1_1_1.png (PNG copy)>] <images/example_7_3_1_1_2.png
, id=1310, 501.875pt x 301.125pt>
File: images/example_7_3_1_1_2.png Graphic file (type png)

<use images/example_7_3_1_1_2.png>
Package pdftex.def Info: images/example_7_3_1_1_2.png used on input line 5575.
(pdftex.def)             Requested size: 216.81pt x 130.08772pt.
 [135 <./images/example_7_3_1_1_1.png (PNG copy)>] <images/example_7_3_1_2_1.pn
g, id=1315, 501.875pt x 301.125pt>
File: images/example_7_3_1_2_1.png Graphic file (type png)

<use images/example_7_3_1_2_1.png>
Package pdftex.def Info: images/example_7_3_1_2_1.png used on input line 5613.
(pdftex.def)             Requested size: 216.81pt x 130.08772pt.
 [136 <./images/example_7_3_1_1_2.png (PNG copy)>] <images/example_7_3_1_2_2.pn
g, id=1321, 501.875pt x 301.125pt>
File: images/example_7_3_1_2_2.png Graphic file (type png)

<use images/example_7_3_1_2_2.png>
Package pdftex.def Info: images/example_7_3_1_2_2.png used on input line 5647.
(pdftex.def)             Requested size: 216.81pt x 130.08772pt.
 [137 <./images/example_7_3_1_2_1.png (PNG copy)> <./images/example_7_3_1_2_2.p
ng (PNG copy)>]
<images/example_7_3_1_2_3.png, id=1326, 501.875pt x 301.125pt>
File: images/example_7_3_1_2_3.png Graphic file (type png)

<use images/example_7_3_1_2_3.png>
Package pdftex.def Info: images/example_7_3_1_2_3.png used on input line 5681.
(pdftex.def)             Requested size: 216.81pt x 130.08772pt.
 [138 <./images/example_7_3_1_2_3.png (PNG copy)>] <images/example_7_3_1_3_1.pn
g, id=1333, 501.875pt x 301.125pt>
File: images/example_7_3_1_3_1.png Graphic file (type png)

<use images/example_7_3_1_3_1.png>
Package pdftex.def Info: images/example_7_3_1_3_1.png used on input line 5712.
(pdftex.def)             Requested size: 216.81pt x 130.08772pt.
 [139 <./images/example_7_3_1_3_1.png (PNG copy)>] <images/example_7_3_1_3_2.pn
g, id=1338, 501.875pt x 301.125pt>
File: images/example_7_3_1_3_2.png Graphic file (type png)

<use images/example_7_3_1_3_2.png>
Package pdftex.def Info: images/example_7_3_1_3_2.png used on input line 5779.
(pdftex.def)             Requested size: 216.81pt x 130.08772pt.
 [140 <./images/example_7_3_1_3_2.png (PNG copy)>] <images/example_7_4_3_1.png,
 id=1343, 501.875pt x 301.125pt>
File: images/example_7_4_3_1.png Graphic file (type png)

<use images/example_7_4_3_1.png>
Package pdftex.def Info: images/example_7_4_3_1.png used on input line 5841.
(pdftex.def)             Requested size: 195.12877pt x 117.07988pt.

<images/example_7_4_3_2.png, id=1344, 501.875pt x 301.125pt>
File: images/example_7_4_3_2.png Graphic file (type png)

<use images/example_7_4_3_2.png>
Package pdftex.def Info: images/example_7_4_3_2.png used on input line 5842.
(pdftex.def)             Requested size: 195.12877pt x 117.07988pt.
 [141] [142 <./images/example_7_4_3_1.png (PNG copy)> <./images/example_7_4_3_2
.png (PNG copy)>] [143] [144] [145] [146]
[147] [148] [149] [150]
Package minitoc Info: I0009
(minitoc)             Listing minitoc auxiliary files. 
(minitoc)             Creating the wxMaximaforCalculusI.maf file.
\openout3 = `wxMaximaforCalculusI.maf'.



Package minitoc(hints) Warning: W0024
(minitoc(hints))                Some hints have been written 
(minitoc(hints))                in the wxMaximaforCalculusI.log file.

Package atveryend Info: Empty hook `BeforeClearDocument' on input line 5960.
[151]
Package atveryend Info: Empty hook `AfterLastShipout' on input line 5960.
 (./wxMaximaforCalculusI.aux)
Package atveryend Info: Executing hook `AtVeryEndDocument' on input line 5960.
Package atveryend Info: Executing hook `AtEndAfterFileList' on input line 5960.

Package rerunfilecheck Info: File `wxMaximaforCalculusI.out' has not changed.
(rerunfilecheck)             Checksum: 0706721B4F24E8FED97F6FB57BEC8B56;4903.
Package atveryend Info: Empty hook `AtVeryVeryEnd' on input line 5960.
 ) 
Here is how much of TeX's memory you used:
 9546 strings out of 493089
 139536 string characters out of 6135291
 244354 words of memory out of 5000000
 12160 multiletter control sequences out of 15000+600000
 15082 words of font info for 58 fonts, out of 8000000 for 9000
 1141 hyphenation exceptions out of 8191
 29i,10n,43p,790b,554s stack positions out of 5000i,500n,10000p,200000b,80000s
</home/saul/texlive2015/texmf-dist/fonts/type1/public/amsfonts/cm/cmbx10.pfb>
</home/saul/texlive2015/texmf-dist/fonts/type1/public/amsfonts/cm/cmbx12.pfb></
home/saul/texlive2015/texmf-dist/fonts/type1/public/amsfonts/cm/cmbx9.pfb></hom
e/saul/texlive2015/texmf-dist/fonts/type1/public/amsfonts/cm/cmex10.pfb></home/
saul/texlive2015/texmf-dist/fonts/type1/public/amsfonts/cm/cmmi10.pfb></home/sa
ul/texlive2015/texmf-dist/fonts/type1/public/amsfonts/cm/cmmi5.pfb></home/saul/
texlive2015/texmf-dist/fonts/type1/public/amsfonts/cm/cmmi7.pfb></home/saul/tex
live2015/texmf-dist/fonts/type1/public/amsfonts/cm/cmr10.pfb></home/saul/texliv
e2015/texmf-dist/fonts/type1/public/amsfonts/cm/cmr12.pfb></home/saul/texlive20
15/texmf-dist/fonts/type1/public/amsfonts/cm/cmr17.pfb></home/saul/texlive2015/
texmf-dist/fonts/type1/public/amsfonts/cm/cmr5.pfb></home/saul/texlive2015/texm
f-dist/fonts/type1/public/amsfonts/cm/cmr7.pfb></home/saul/texlive2015/texmf-di
st/fonts/type1/public/amsfonts/cm/cmr9.pfb></home/saul/texlive2015/texmf-dist/f
onts/type1/public/amsfonts/cm/cmsy10.pfb></home/saul/texlive2015/texmf-dist/fon
ts/type1/public/amsfonts/cm/cmsy5.pfb></home/saul/texlive2015/texmf-dist/fonts/
type1/public/amsfonts/cm/cmsy7.pfb></home/saul/texlive2015/texmf-dist/fonts/typ
e1/public/amsfonts/cm/cmti10.pfb></home/saul/texlive2015/texmf-dist/fonts/type1
/public/amsfonts/cm/cmtt10.pfb>
Output written on wxMaximaforCalculusI.pdf (158 pages, 1083836 bytes).
PDF statistics:
 1563 PDF objects out of 1728 (max. 8388607)
 1283 compressed objects within 13 object streams
 440 named destinations out of 1000 (max. 500000)
 998 words of extra memory for PDF output out of 10000 (max. 10000000)

