\BOOKMARK [0][-]{chapter*.2}{Preface}{}% 1
\BOOKMARK [0][-]{chapter.0}{Introduction to wxMaxima}{}% 2
\BOOKMARK [1][-]{section.0.1}{Basic Operations}{chapter.0}% 3
\BOOKMARK [2][-]{subsection.0.1.1}{Arithmetic}{section.0.1}% 4
\BOOKMARK [2][-]{subsection.0.1.2}{Algebra}{section.0.1}% 5
\BOOKMARK [2][-]{subsection.0.1.3}{Trigonometry}{section.0.1}% 6
\BOOKMARK [1][-]{section.0.2}{Expressions and Functions}{chapter.0}% 7
\BOOKMARK [1][-]{section.0.3}{2D and 3D Plots}{chapter.0}% 8
\BOOKMARK [1][-]{section.0.4}{Defining and Solving Equations}{chapter.0}% 9
\BOOKMARK [1][-]{section.0.5}{Sequences and Sums}{chapter.0}% 10
\BOOKMARK [2][-]{subsection.0.5.1}{Sequences}{section.0.5}% 11
\BOOKMARK [2][-]{subsection.0.5.2}{Sums}{section.0.5}% 12
\BOOKMARK [1][-]{section.0.6}{Application: Line Passing Through Two Given Points}{chapter.0}% 13
\BOOKMARK [1][-]{section.0.7}{Module 0 Exercises}{chapter.0}% 14
\BOOKMARK [0][-]{chapter.1}{Function Review}{}% 15
\BOOKMARK [1][-]{section.1.1}{Polynomial and Rational Functions}{chapter.1}% 16
\BOOKMARK [2][-]{subsection.1.1.1}{Polynomial Functions}{section.1.1}% 17
\BOOKMARK [2][-]{subsection.1.1.2}{Rational Functions}{section.1.1}% 18
\BOOKMARK [1][-]{section.1.2}{Trigonometric Functions}{chapter.1}% 19
\BOOKMARK [2][-]{subsection.1.2.1}{The Basic Trig Functions}{section.1.2}% 20
\BOOKMARK [2][-]{subsection.1.2.2}{Graphs of Sinusoidal Functions}{section.1.2}% 21
\BOOKMARK [1][-]{section.1.3}{Exponential Functions}{chapter.1}% 22
\BOOKMARK [1][-]{section.1.4}{Function Transformations}{chapter.1}% 23
\BOOKMARK [1][-]{section.1.5}{Parity of Functions}{chapter.1}% 24
\BOOKMARK [1][-]{section.1.6}{Algebraic Combinations of Functions}{chapter.1}% 25
\BOOKMARK [1][-]{section.1.7}{Function Compositions}{chapter.1}% 26
\BOOKMARK [1][-]{section.1.8}{Function Inverses}{chapter.1}% 27
\BOOKMARK [1][-]{section.1.9}{Module 1 Exercises}{chapter.1}% 28
\BOOKMARK [0][-]{chapter.2}{Limits}{}% 29
\BOOKMARK [1][-]{section.2.1}{Using Sequences to Approximate Limits}{chapter.2}% 30
\BOOKMARK [1][-]{section.2.2}{wxMaxima's Limit Commands}{chapter.2}% 31
\BOOKMARK [1][-]{section.2.3}{Exploring the Formal Definition of Limit}{chapter.2}% 32
\BOOKMARK [1][-]{section.2.4}{Module 2 Exercises}{chapter.2}% 33
\BOOKMARK [0][-]{chapter.3}{Introduction to Derivatives}{}% 34
\BOOKMARK [1][-]{section.3.1}{The Tangent Line Problem}{chapter.3}% 35
\BOOKMARK [2][-]{subsection.3.1.1}{The Tangent Line from a Sequence of Secant Lines}{section.3.1}% 36
\BOOKMARK [2][-]{subsection.3.1.2}{The Tangent Line as a Limit}{section.3.1}% 37
\BOOKMARK [1][-]{section.3.2}{wxMaxima's Derivative Commands}{chapter.3}% 38
\BOOKMARK [1][-]{section.3.3}{Products, Quotients and Linear Combinations}{chapter.3}% 39
\BOOKMARK [1][-]{section.3.4}{Derivatives of Function Compositions}{chapter.3}% 40
\BOOKMARK [2][-]{subsection.3.4.1}{The Chain Rule}{section.3.4}% 41
\BOOKMARK [2][-]{subsection.3.4.2}{Logarithmic Differentiation}{section.3.4}% 42
\BOOKMARK [2][-]{subsection.3.4.3}{Implicit Differentiation}{section.3.4}% 43
\BOOKMARK [1][-]{section.3.5}{Module 3 Exercises}{chapter.3}% 44
\BOOKMARK [0][-]{chapter.4}{Applications of Derivatives}{}% 45
\BOOKMARK [1][-]{section.4.1}{Increasing, Decreasing and Local Extrema}{chapter.4}% 46
\BOOKMARK [1][-]{section.4.2}{Concavity and Inflection}{chapter.4}% 47
\BOOKMARK [1][-]{section.4.3}{Optimization Problems}{chapter.4}% 48
\BOOKMARK [1][-]{section.4.4}{Newton's Method}{chapter.4}% 49
\BOOKMARK [1][-]{section.4.5}{Module 4 Exercises}{chapter.4}% 50
\BOOKMARK [0][-]{chapter.5}{The Area Problem}{}% 51
\BOOKMARK [1][-]{section.5.1}{Riemann Sums: Left, Right and Middle}{chapter.5}% 52
\BOOKMARK [1][-]{section.5.2}{The Definite Integral}{chapter.5}% 53
\BOOKMARK [1][-]{section.5.3}{wxMaxima's Definite Integral Commands}{chapter.5}% 54
\BOOKMARK [1][-]{section.5.4}{Approximating Area From a List of Data}{chapter.5}% 55
\BOOKMARK [1][-]{section.5.5}{Module 5 Exercises}{chapter.5}% 56
\BOOKMARK [0][-]{chapter.6}{Antiderivatives and the Fundamental Theorem}{}% 57
\BOOKMARK [1][-]{section.6.1}{Antiderivatives}{chapter.6}% 58
\BOOKMARK [1][-]{section.6.2}{The Fundamental Theorem of Calculus}{chapter.6}% 59
\BOOKMARK [2][-]{subsection.6.2.1}{Area Functions}{section.6.2}% 60
\BOOKMARK [2][-]{subsection.6.2.2}{The Fundamental Theorem}{section.6.2}% 61
\BOOKMARK [1][-]{section.6.3}{Computing Integrals}{chapter.6}% 62
\BOOKMARK [2][-]{subsection.6.3.1}{Basic Antiderivatives}{section.6.3}% 63
\BOOKMARK [2][-]{subsection.6.3.2}{Substitutions}{section.6.3}% 64
\BOOKMARK [1][-]{section.6.4}{Area Integrals}{chapter.6}% 65
\BOOKMARK [2][-]{subsection.6.4.1}{Area and Physical Integration}{section.6.4}% 66
\BOOKMARK [2][-]{subsection.6.4.2}{Area Bounded Between Two Functions}{section.6.4}% 67
\BOOKMARK [2][-]{subsection.6.4.3}{Average Value}{section.6.4}% 68
\BOOKMARK [1][-]{section.6.5}{Module 6 Exercises}{chapter.6}% 69
